{"level":"error","message":"\nInvalid `prisma.tugas.create()` invocation:\n\n{\n  data: {\n    mata_kuliah_id: \"1d73b1b9-523b-4d8e-b01b-39eef6912cad\",\n    nama_tugas: \"tugas testing\",\n    deadline: \"Mon Oct 21 2024 23:50:00 GMT+0700\",\n              ~~~~~~~~~~~~~~~~~~~~~~~~~~~~~~~~~~~\n    id: \"40492018-1ee4-45ea-b11d-5a2a93908567\"\n  }\n}\n\nInvalid value for argument `deadline`: input contains invalid characters. Expected ISO-8601 DateTime.","target":"tugas.create","timestamp":"2024-10-21T12:49:28.274Z"}
{"level":"error","message":"\nInvalid `prisma.tugas.create()` invocation:\n\n{\n  data: {\n    mata_kuliah_id: \"1d73b1b9-523b-4d8e-b01b-39eef6912cad\",\n    nama_tugas: \"tugas testing\",\n    deadline: \"Mon Oct 21 2024 23:50:00 GMT+0700\",\n              ~~~~~~~~~~~~~~~~~~~~~~~~~~~~~~~~~~~\n    id: \"40492018-1ee4-45ea-b11d-5a2a93908567\"\n  }\n}\n\nInvalid value for argument `deadline`: input contains invalid characters. Expected ISO-8601 DateTime.","timestamp":"2024-10-21T12:49:28.275Z"}
{"level":"error","message":"\nInvalid `prisma.jadwal_kuliah.findFirst()` invocation:\n\n{\n  where: {\n    jam_masuk: {\n      equals: \"20:50:00\"\n              ~~~~~~~~~~\n    },\n    hari: 1\n  }\n}\n\nInvalid value for argument `equals`: input contains invalid characters. Expected ISO-8601 DateTime.","target":"jadwal_kuliah.findFirst","timestamp":"2024-10-21T12:50:00.330Z"}
{"level":"error","message":"Error sending message to bang jago: Cannot read properties of null (reading 'evaluate')","stack":"TypeError: Cannot read properties of null (reading 'evaluate')\n    at Client.sendMessage (D:\\pemanasan\\TODOLIST\\node_modules\\whatsapp-web.js\\src\\Client.js:950:47)\n    at file:///D:/pemanasan/TODOLIST/src/app/cron.js:54:26\n    at async Promise.all (index 0)\n    at async checkTugas (file:///D:/pemanasan/TODOLIST/src/app/cron.js:39:5)","timestamp":"2024-10-21T14:44:30.114Z"}
{"level":"error","message":"Error sending message to bang jago: Cannot read properties of null (reading 'evaluate')","stack":"TypeError: Cannot read properties of null (reading 'evaluate')\n    at Client.sendMessage (D:\\pemanasan\\TODOLIST\\node_modules\\whatsapp-web.js\\src\\Client.js:950:47)\n    at file:///D:/pemanasan/TODOLIST/src/app/cron.js:54:26\n    at async Promise.all (index 0)\n    at async checkTugas (file:///D:/pemanasan/TODOLIST/src/app/cron.js:39:5)","timestamp":"2024-10-21T14:44:30.117Z"}
{"level":"error","message":"Error sending message to bang jago: Cannot read properties of null (reading 'evaluate')","stack":"TypeError: Cannot read properties of null (reading 'evaluate')\n    at Client.sendMessage (D:\\pemanasan\\TODOLIST\\node_modules\\whatsapp-web.js\\src\\Client.js:950:47)\n    at file:///D:/pemanasan/TODOLIST/src/app/cron.js:54:26\n    at async Promise.all (index 0)\n    at async checkTugas (file:///D:/pemanasan/TODOLIST/src/app/cron.js:39:5)","timestamp":"2024-10-21T14:45:25.438Z"}
{"level":"error","message":"Error sending message to bang jago: Cannot read properties of null (reading 'evaluate')","stack":"TypeError: Cannot read properties of null (reading 'evaluate')\n    at Client.sendMessage (D:\\pemanasan\\TODOLIST\\node_modules\\whatsapp-web.js\\src\\Client.js:950:47)\n    at file:///D:/pemanasan/TODOLIST/src/app/cron.js:54:26\n    at async Promise.all (index 0)\n    at async checkTugas (file:///D:/pemanasan/TODOLIST/src/app/cron.js:39:5)","timestamp":"2024-10-21T14:45:25.440Z"}
{"level":"error","message":"Cannot read properties of null (reading 'evaluate')","timestamp":"2024-10-21T14:46:22.779Z"}
{"level":"error","message":"Cannot read properties of null (reading 'evaluate')","timestamp":"2024-10-21T14:46:22.781Z"}
{"level":"error","message":"Cannot read properties of null (reading 'evaluate')","timestamp":"2024-10-21T14:46:36.345Z"}
{"level":"error","message":"Cannot read properties of null (reading 'evaluate')","timestamp":"2024-10-21T14:46:36.347Z"}
{"level":"error","message":"Cannot read properties of null (reading 'evaluate')","timestamp":"2024-10-21T14:46:52.355Z"}
{"level":"error","message":"Cannot read properties of null (reading 'evaluate')","timestamp":"2024-10-21T14:46:52.357Z"}
{"level":"error","message":"Evaluation failed: TypeError: Cannot read properties of undefined (reading 'WidFactory')\n    at pptr://__puppeteer_evaluation_script__:2:42","timestamp":"2024-10-21T14:50:00.267Z"}
{"level":"error","message":"Evaluation failed: TypeError: Cannot read properties of undefined (reading 'WidFactory')\n    at pptr://__puppeteer_evaluation_script__:2:42","timestamp":"2024-10-21T14:50:00.269Z"}
{"level":"error","message":"\nInvalid `prisma.jadwal_kuliah.create()` invocation:\n\n\nError converting field \"jam_masuk\" of expected non-nullable type \"String\", found incompatible value of \"1970-01-01 17:47:00 +00:00\".","target":"jadwal_kuliah.create","timestamp":"2024-10-21T14:50:11.577Z"}
{"level":"error","message":"\nInvalid `prisma.jadwal_kuliah.create()` invocation:\n\n\nError converting field \"jam_masuk\" of expected non-nullable type \"String\", found incompatible value of \"1970-01-01 17:47:00 +00:00\".","timestamp":"2024-10-21T14:50:11.578Z"}
{"level":"error","message":"\nInvalid `prisma.jadwal_kuliah.create()` invocation:\n\n\nError converting field \"jam_masuk\" of expected non-nullable type \"String\", found incompatible value of \"1970-01-01 17:47:00 +00:00\".","target":"jadwal_kuliah.create","timestamp":"2024-10-21T14:50:30.803Z"}
{"level":"error","message":"\nInvalid `prisma.jadwal_kuliah.create()` invocation:\n\n\nError converting field \"jam_masuk\" of expected non-nullable type \"String\", found incompatible value of \"1970-01-01 17:47:00 +00:00\".","timestamp":"2024-10-21T14:50:30.804Z"}
{"level":"error","message":"\nInvalid `prisma.jadwal_kuliah.create()` invocation:\n\n\nError converting field \"jam_masuk\" of expected non-nullable type \"String\", found incompatible value of \"1970-01-01 17:47:00 +00:00\".","target":"jadwal_kuliah.create","timestamp":"2024-10-21T14:50:31.630Z"}
{"level":"error","message":"\nInvalid `prisma.jadwal_kuliah.create()` invocation:\n\n\nError converting field \"jam_masuk\" of expected non-nullable type \"String\", found incompatible value of \"1970-01-01 17:47:00 +00:00\".","timestamp":"2024-10-21T14:50:31.631Z"}
{"level":"error","message":"\nInvalid `prisma.jadwal_kuliah.create()` invocation:\n\n\nError converting field \"jam_masuk\" of expected non-nullable type \"String\", found incompatible value of \"1970-01-01 00:00:00 +00:00\".","target":"jadwal_kuliah.create","timestamp":"2024-10-21T14:50:51.317Z"}
{"level":"error","message":"\nInvalid `prisma.jadwal_kuliah.create()` invocation:\n\n\nError converting field \"jam_masuk\" of expected non-nullable type \"String\", found incompatible value of \"1970-01-01 00:00:00 +00:00\".","timestamp":"2024-10-21T14:50:51.318Z"}
{"level":"error","message":"\nInvalid `prisma.jadwal_kuliah.create()` invocation:\n\n\nError converting field \"jam_masuk\" of expected non-nullable type \"String\", found incompatible value of \"1970-01-01 17:47:00 +00:00\".","target":"jadwal_kuliah.create","timestamp":"2024-10-21T14:51:39.084Z"}
{"level":"error","message":"\nInvalid `prisma.jadwal_kuliah.create()` invocation:\n\n\nError converting field \"jam_masuk\" of expected non-nullable type \"String\", found incompatible value of \"1970-01-01 17:47:00 +00:00\".","timestamp":"2024-10-21T14:51:39.085Z"}
{"level":"error","message":"\nInvalid `prisma.jadwal_kuliah.create()` invocation:\n\n\nError converting field \"jam_masuk\" of expected non-nullable type \"String\", found incompatible value of \"1970-01-01 00:00:00 +00:00\".","target":"jadwal_kuliah.create","timestamp":"2024-10-21T14:51:47.465Z"}
{"level":"error","message":"\nInvalid `prisma.jadwal_kuliah.create()` invocation:\n\n\nError converting field \"jam_masuk\" of expected non-nullable type \"String\", found incompatible value of \"1970-01-01 00:00:00 +00:00\".","timestamp":"2024-10-21T14:51:47.465Z"}
{"level":"error","message":"\nInvalid `prisma.jadwal_kuliah.create()` invocation:\n\n\nError converting field \"jam_masuk\" of expected non-nullable type \"String\", found incompatible value of \"1970-01-01 00:00:00 +00:00\".","target":"jadwal_kuliah.create","timestamp":"2024-10-21T14:51:48.281Z"}
{"level":"error","message":"\nInvalid `prisma.jadwal_kuliah.create()` invocation:\n\n\nError converting field \"jam_masuk\" of expected non-nullable type \"String\", found incompatible value of \"1970-01-01 00:00:00 +00:00\".","timestamp":"2024-10-21T14:51:48.282Z"}
{"level":"error","message":"\nInvalid `prisma.jadwal_kuliah.create()` invocation:\n\n\nError converting field \"jam_masuk\" of expected non-nullable type \"String\", found incompatible value of \"1970-01-01 00:00:00 +00:00\".","target":"jadwal_kuliah.create","timestamp":"2024-10-21T14:51:49.083Z"}
{"level":"error","message":"\nInvalid `prisma.jadwal_kuliah.create()` invocation:\n\n\nError converting field \"jam_masuk\" of expected non-nullable type \"String\", found incompatible value of \"1970-01-01 00:00:00 +00:00\".","timestamp":"2024-10-21T14:51:49.084Z"}
{"level":"error","message":"Cannot read properties of null (reading 'evaluate')","timestamp":"2024-10-21T14:54:19.041Z"}
{"level":"error","message":"Cannot read properties of null (reading 'evaluate')","timestamp":"2024-10-21T14:54:19.043Z"}
{"level":"error","message":"Cannot read properties of null (reading 'evaluate')","timestamp":"2024-10-21T14:54:20.230Z"}
{"level":"error","message":"Cannot read properties of null (reading 'evaluate')","timestamp":"2024-10-21T14:54:20.232Z"}
{"level":"error","message":"Cannot read properties of null (reading 'evaluate')","timestamp":"2024-10-21T14:54:35.318Z"}
{"level":"error","message":"Cannot read properties of null (reading 'evaluate')","timestamp":"2024-10-21T14:54:35.320Z"}
{"level":"error","message":"Cannot read properties of null (reading 'evaluate')","timestamp":"2024-10-21T14:54:44.076Z"}
{"level":"error","message":"Cannot read properties of null (reading 'evaluate')","timestamp":"2024-10-21T14:54:44.078Z"}
{"level":"error","message":"\nInvalid `prisma.jadwal_kuliah.create()` invocation:\n\n\nError converting field \"jam_masuk\" of expected non-nullable type \"String\", found incompatible value of \"1970-01-01 00:00:00 +00:00\".","target":"jadwal_kuliah.create","timestamp":"2024-10-21T14:54:54.596Z"}
{"level":"error","message":"\nInvalid `prisma.jadwal_kuliah.create()` invocation:\n\n\nError converting field \"jam_masuk\" of expected non-nullable type \"String\", found incompatible value of \"1970-01-01 00:00:00 +00:00\".","timestamp":"2024-10-21T14:54:54.598Z"}
{"level":"error","message":"\nInvalid `prisma.jadwal_kuliah.create()` invocation:\n\n\nError converting field \"jam_masuk\" of expected non-nullable type \"String\", found incompatible value of \"1970-01-01 00:00:00 +00:00\".","target":"jadwal_kuliah.create","timestamp":"2024-10-21T14:54:57.996Z"}
{"level":"error","message":"\nInvalid `prisma.jadwal_kuliah.create()` invocation:\n\n\nError converting field \"jam_masuk\" of expected non-nullable type \"String\", found incompatible value of \"1970-01-01 00:00:00 +00:00\".","timestamp":"2024-10-21T14:54:57.996Z"}
{"level":"error","message":"\nInvalid `prisma.jadwal_kuliah.create()` invocation:\n\n\nError converting field \"jam_masuk\" of expected non-nullable type \"String\", found incompatible value of \"1970-01-01 00:47:00 +00:00\".","target":"jadwal_kuliah.create","timestamp":"2024-10-21T14:55:14.359Z"}
{"level":"error","message":"\nInvalid `prisma.jadwal_kuliah.create()` invocation:\n\n\nError converting field \"jam_masuk\" of expected non-nullable type \"String\", found incompatible value of \"1970-01-01 00:47:00 +00:00\".","timestamp":"2024-10-21T14:55:14.359Z"}
{"level":"error","message":"\nInvalid `prisma.jadwal_kuliah.create()` invocation:\n\n\nError converting field \"jam_masuk\" of expected non-nullable type \"String\", found incompatible value of \"1970-01-01 00:47:00 +00:00\".","target":"jadwal_kuliah.create","timestamp":"2024-10-21T14:55:15.340Z"}
{"level":"error","message":"\nInvalid `prisma.jadwal_kuliah.create()` invocation:\n\n\nError converting field \"jam_masuk\" of expected non-nullable type \"String\", found incompatible value of \"1970-01-01 00:47:00 +00:00\".","timestamp":"2024-10-21T14:55:15.341Z"}
{"level":"error","message":"\nInvalid `prisma.jadwal_kuliah.create()` invocation:\n\n\nError converting field \"jam_masuk\" of expected non-nullable type \"String\", found incompatible value of \"1970-01-01 00:47:00 +00:00\".","target":"jadwal_kuliah.create","timestamp":"2024-10-21T14:55:15.570Z"}
{"level":"error","message":"\nInvalid `prisma.jadwal_kuliah.create()` invocation:\n\n\nError converting field \"jam_masuk\" of expected non-nullable type \"String\", found incompatible value of \"1970-01-01 00:47:00 +00:00\".","timestamp":"2024-10-21T14:55:15.570Z"}
{"level":"error","message":"\nInvalid `prisma.jadwal_kuliah.create()` invocation:\n\n\nError converting field \"jam_masuk\" of expected non-nullable type \"String\", found incompatible value of \"1970-01-01 00:47:00 +00:00\".","target":"jadwal_kuliah.create","timestamp":"2024-10-21T14:55:15.789Z"}
{"level":"error","message":"\nInvalid `prisma.jadwal_kuliah.create()` invocation:\n\n\nError converting field \"jam_masuk\" of expected non-nullable type \"String\", found incompatible value of \"1970-01-01 00:47:00 +00:00\".","timestamp":"2024-10-21T14:55:15.789Z"}
{"level":"error","message":"\nInvalid `prisma.jadwal_kuliah.create()` invocation:\n\n\nError converting field \"jam_masuk\" of expected non-nullable type \"String\", found incompatible value of \"1970-01-01 00:47:00 +00:00\".","target":"jadwal_kuliah.create","timestamp":"2024-10-21T14:55:15.934Z"}
{"level":"error","message":"\nInvalid `prisma.jadwal_kuliah.create()` invocation:\n\n\nError converting field \"jam_masuk\" of expected non-nullable type \"String\", found incompatible value of \"1970-01-01 00:47:00 +00:00\".","timestamp":"2024-10-21T14:55:15.934Z"}
{"level":"error","message":"\nInvalid `prisma.jadwal_kuliah.create()` invocation:\n\n\nError converting field \"jam_masuk\" of expected non-nullable type \"String\", found incompatible value of \"1970-01-01 00:47:00 +00:00\".","target":"jadwal_kuliah.create","timestamp":"2024-10-21T14:55:16.113Z"}
{"level":"error","message":"\nInvalid `prisma.jadwal_kuliah.create()` invocation:\n\n\nError converting field \"jam_masuk\" of expected non-nullable type \"String\", found incompatible value of \"1970-01-01 00:47:00 +00:00\".","timestamp":"2024-10-21T14:55:16.113Z"}
{"level":"error","message":"\nInvalid `prisma.jadwal_kuliah.create()` invocation:\n\n\nError converting field \"jam_masuk\" of expected non-nullable type \"String\", found incompatible value of \"1970-01-01 00:47:00 +00:00\".","target":"jadwal_kuliah.create","timestamp":"2024-10-21T14:55:16.299Z"}
{"level":"error","message":"\nInvalid `prisma.jadwal_kuliah.create()` invocation:\n\n\nError converting field \"jam_masuk\" of expected non-nullable type \"String\", found incompatible value of \"1970-01-01 00:47:00 +00:00\".","timestamp":"2024-10-21T14:55:16.300Z"}
{"level":"error","message":"\nInvalid `prisma.jadwal_kuliah.create()` invocation:\n\n\nError converting field \"jam_masuk\" of expected non-nullable type \"String\", found incompatible value of \"1970-01-01 00:47:00 +00:00\".","target":"jadwal_kuliah.create","timestamp":"2024-10-21T14:55:16.500Z"}
{"level":"error","message":"\nInvalid `prisma.jadwal_kuliah.create()` invocation:\n\n\nError converting field \"jam_masuk\" of expected non-nullable type \"String\", found incompatible value of \"1970-01-01 00:47:00 +00:00\".","timestamp":"2024-10-21T14:55:16.500Z"}
{"level":"error","message":"\nInvalid `prisma.jadwal_kuliah.create()` invocation:\n\n\nError converting field \"jam_masuk\" of expected non-nullable type \"String\", found incompatible value of \"1970-01-01 00:47:00 +00:00\".","target":"jadwal_kuliah.create","timestamp":"2024-10-21T14:55:23.783Z"}
{"level":"error","message":"\nInvalid `prisma.jadwal_kuliah.create()` invocation:\n\n\nError converting field \"jam_masuk\" of expected non-nullable type \"String\", found incompatible value of \"1970-01-01 00:47:00 +00:00\".","timestamp":"2024-10-21T14:55:23.783Z"}
{"level":"error","message":"\nInvalid `prisma.jadwal_kuliah.create()` invocation:\n\n\nError converting field \"jam_masuk\" of expected non-nullable type \"String\", found incompatible value of \"1970-01-01 00:47:00 +00:00\".","target":"jadwal_kuliah.create","timestamp":"2024-10-21T14:55:24.700Z"}
{"level":"error","message":"\nInvalid `prisma.jadwal_kuliah.create()` invocation:\n\n\nError converting field \"jam_masuk\" of expected non-nullable type \"String\", found incompatible value of \"1970-01-01 00:47:00 +00:00\".","timestamp":"2024-10-21T14:55:24.700Z"}
{"level":"error","message":"\nInvalid `prisma.jadwal_kuliah.create()` invocation:\n\n\nError converting field \"jam_masuk\" of expected non-nullable type \"String\", found incompatible value of \"1970-01-01 00:00:00 +00:00\".","target":"jadwal_kuliah.create","timestamp":"2024-10-21T14:55:48.170Z"}
{"level":"error","message":"\nInvalid `prisma.jadwal_kuliah.create()` invocation:\n\n\nError converting field \"jam_masuk\" of expected non-nullable type \"String\", found incompatible value of \"1970-01-01 00:00:00 +00:00\".","timestamp":"2024-10-21T14:55:48.171Z"}
{"level":"error","message":"\nInvalid `prisma.jadwal_kuliah.create()` invocation:\n\n\nError converting field \"jam_masuk\" of expected non-nullable type \"String\", found incompatible value of \"1970-01-01 00:00:00 +00:00\".","target":"jadwal_kuliah.create","timestamp":"2024-10-21T14:55:48.801Z"}
{"level":"error","message":"\nInvalid `prisma.jadwal_kuliah.create()` invocation:\n\n\nError converting field \"jam_masuk\" of expected non-nullable type \"String\", found incompatible value of \"1970-01-01 00:00:00 +00:00\".","timestamp":"2024-10-21T14:55:48.801Z"}
{"level":"error","message":"\nInvalid `prisma.jadwal_kuliah.create()` invocation:\n\n\nError converting field \"jam_masuk\" of expected non-nullable type \"String\", found incompatible value of \"1970-01-01 00:00:00 +00:00\".","target":"jadwal_kuliah.create","timestamp":"2024-10-21T14:55:48.976Z"}
{"level":"error","message":"\nInvalid `prisma.jadwal_kuliah.create()` invocation:\n\n\nError converting field \"jam_masuk\" of expected non-nullable type \"String\", found incompatible value of \"1970-01-01 00:00:00 +00:00\".","timestamp":"2024-10-21T14:55:48.977Z"}
{"level":"error","message":"\nInvalid `prisma.jadwal_kuliah.create()` invocation:\n\n\nError converting field \"jam_masuk\" of expected non-nullable type \"String\", found incompatible value of \"1970-01-01 00:00:00 +00:00\".","target":"jadwal_kuliah.create","timestamp":"2024-10-21T14:55:49.180Z"}
{"level":"error","message":"\nInvalid `prisma.jadwal_kuliah.create()` invocation:\n\n\nError converting field \"jam_masuk\" of expected non-nullable type \"String\", found incompatible value of \"1970-01-01 00:00:00 +00:00\".","timestamp":"2024-10-21T14:55:49.181Z"}
{"level":"error","message":"\nInvalid `prisma.jadwal_kuliah.create()` invocation:\n\n\nError converting field \"jam_masuk\" of expected non-nullable type \"String\", found incompatible value of \"1970-01-01 00:00:00 +00:00\".","target":"jadwal_kuliah.create","timestamp":"2024-10-21T14:56:09.779Z"}
{"level":"error","message":"\nInvalid `prisma.jadwal_kuliah.create()` invocation:\n\n\nError converting field \"jam_masuk\" of expected non-nullable type \"String\", found incompatible value of \"1970-01-01 00:00:00 +00:00\".","timestamp":"2024-10-21T14:56:09.779Z"}
{"level":"error","message":"\nInvalid `prisma.jadwal_kuliah.create()` invocation:\n\n\nError converting field \"jam_masuk\" of expected non-nullable type \"String\", found incompatible value of \"1970-01-01 00:00:00 +00:00\".","target":"jadwal_kuliah.create","timestamp":"2024-10-21T14:56:10.534Z"}
{"level":"error","message":"\nInvalid `prisma.jadwal_kuliah.create()` invocation:\n\n\nError converting field \"jam_masuk\" of expected non-nullable type \"String\", found incompatible value of \"1970-01-01 00:00:00 +00:00\".","timestamp":"2024-10-21T14:56:10.535Z"}
{"level":"error","message":"\nInvalid `prisma.jadwal_kuliah.create()` invocation:\n\n\nError converting field \"jam_masuk\" of expected non-nullable type \"String\", found incompatible value of \"1970-01-01 00:00:00 +00:00\".","target":"jadwal_kuliah.create","timestamp":"2024-10-21T14:56:10.738Z"}
{"level":"error","message":"\nInvalid `prisma.jadwal_kuliah.create()` invocation:\n\n\nError converting field \"jam_masuk\" of expected non-nullable type \"String\", found incompatible value of \"1970-01-01 00:00:00 +00:00\".","timestamp":"2024-10-21T14:56:10.738Z"}
{"level":"error","message":"\nInvalid `prisma.jadwal_kuliah.create()` invocation:\n\n\nError converting field \"jam_masuk\" of expected non-nullable type \"String\", found incompatible value of \"1970-01-01 00:00:00 +00:00\".","target":"jadwal_kuliah.create","timestamp":"2024-10-21T14:56:10.897Z"}
{"level":"error","message":"\nInvalid `prisma.jadwal_kuliah.create()` invocation:\n\n\nError converting field \"jam_masuk\" of expected non-nullable type \"String\", found incompatible value of \"1970-01-01 00:00:00 +00:00\".","timestamp":"2024-10-21T14:56:10.898Z"}
{"level":"error","message":"\nInvalid `prisma.jadwal_kuliah.create()` invocation:\n\n\nError converting field \"jam_masuk\" of expected non-nullable type \"String\", found incompatible value of \"1970-01-01 00:00:00 +00:00\".","target":"jadwal_kuliah.create","timestamp":"2024-10-21T14:56:11.114Z"}
{"level":"error","message":"\nInvalid `prisma.jadwal_kuliah.create()` invocation:\n\n\nError converting field \"jam_masuk\" of expected non-nullable type \"String\", found incompatible value of \"1970-01-01 00:00:00 +00:00\".","timestamp":"2024-10-21T14:56:11.115Z"}
{"level":"error","message":"\nInvalid `prisma.jadwal_kuliah.create()` invocation:\n\n\nError converting field \"jam_masuk\" of expected non-nullable type \"String\", found incompatible value of \"1970-01-01 00:00:00 +00:00\".","target":"jadwal_kuliah.create","timestamp":"2024-10-21T14:56:11.311Z"}
{"level":"error","message":"\nInvalid `prisma.jadwal_kuliah.create()` invocation:\n\n\nError converting field \"jam_masuk\" of expected non-nullable type \"String\", found incompatible value of \"1970-01-01 00:00:00 +00:00\".","timestamp":"2024-10-21T14:56:11.311Z"}
{"level":"error","message":"\nInvalid `prisma.jadwal_kuliah.create()` invocation:\n\n\nError converting field \"jam_masuk\" of expected non-nullable type \"String\", found incompatible value of \"1970-01-01 00:00:00 +00:00\".","target":"jadwal_kuliah.create","timestamp":"2024-10-21T14:56:18.668Z"}
{"level":"error","message":"\nInvalid `prisma.jadwal_kuliah.create()` invocation:\n\n\nError converting field \"jam_masuk\" of expected non-nullable type \"String\", found incompatible value of \"1970-01-01 00:00:00 +00:00\".","timestamp":"2024-10-21T14:56:18.669Z"}
{"level":"error","message":"Cannot read properties of null (reading 'evaluate')","timestamp":"2024-10-21T14:57:05.854Z"}
{"level":"error","message":"Cannot read properties of null (reading 'evaluate')","timestamp":"2024-10-21T14:57:05.856Z"}
{"level":"error","message":"Cannot read properties of null (reading 'evaluate')","timestamp":"2024-10-21T14:57:18.060Z"}
{"level":"error","message":"Cannot read properties of null (reading 'evaluate')","timestamp":"2024-10-21T14:57:18.062Z"}
{"level":"error","message":"\nInvalid `prisma.jadwal_kuliah.findFirst()` invocation:\n\n{\n  where: {\n    jam_masuk: {\n      gte: \"22:00\",\n           ~~~~~~~\n      lt: \"23:00\"\n    },\n    hari: 1\n  }\n}\n\nInvalid value for argument `gte`: input contains invalid characters. Expected ISO-8601 DateTime.","target":"jadwal_kuliah.findFirst","timestamp":"2024-10-21T15:00:00.602Z"}
{"level":"error","message":"Cannot read properties of null (reading 'evaluate')","timestamp":"2024-10-21T15:01:00.999Z"}
{"level":"error","message":"Cannot read properties of null (reading 'evaluate')","timestamp":"2024-10-21T15:01:01.002Z"}
{"level":"error","message":"Cannot read properties of null (reading 'evaluate')","timestamp":"2024-10-21T15:02:36.630Z"}
{"level":"error","message":"Cannot read properties of null (reading 'evaluate')","timestamp":"2024-10-21T15:02:36.633Z"}
{"level":"error","message":"\nInvalid `prisma.jadwal_kuliah.findFirst()` invocation:\n\n{\n  where: {\n    jam_masuk: {\n      gte: \"22:04\",\n           ~~~~~~~\n      lt: \"23:04\"\n    },\n    hari: 1\n  }\n}\n\nInvalid value for argument `gte`: input contains invalid characters. Expected ISO-8601 DateTime.","target":"jadwal_kuliah.findFirst","timestamp":"2024-10-21T15:04:00.306Z"}
{"level":"error","message":"Cannot read properties of null (reading 'evaluate')","timestamp":"2024-10-21T15:07:29.616Z"}
{"level":"error","message":"Cannot read properties of null (reading 'evaluate')","timestamp":"2024-10-21T15:07:29.618Z"}
{"level":"error","message":"Cannot read properties of null (reading 'evaluate')","timestamp":"2024-10-21T15:08:32.715Z"}
{"level":"error","message":"Cannot read properties of null (reading 'evaluate')","timestamp":"2024-10-21T15:08:32.717Z"}
{"level":"error","message":"Evaluation failed: TypeError: Cannot read properties of undefined (reading 'WidFactory')\n    at pptr://__puppeteer_evaluation_script__:2:42","timestamp":"2024-10-21T15:30:00.215Z"}
{"level":"error","message":"Evaluation failed: TypeError: Cannot read properties of undefined (reading 'WidFactory')\n    at pptr://__puppeteer_evaluation_script__:2:42","timestamp":"2024-10-21T15:30:00.218Z"}
{"level":"error","message":"\nInvalid `prisma.jadwal_kuliah.findFirst()` invocation:\n\n{\n  where: {\n    jam_masuk: {\n      gte: \"2024-11-11T29:33:00.000Z\",\n           ~~~~~~~~~~~~~~~~~~~~~~~~~~\n      lt: \"2024-11-11T30:33:00.000Z\"\n    },\n    hari: 1\n  }\n}\n\nInvalid value for argument `gte`: input is out of range. Expected ISO-8601 DateTime.","target":"jadwal_kuliah.findFirst","timestamp":"2024-10-21T15:33:04.305Z"}
{"level":"error","message":"\nInvalid `prisma.jadwal_kuliah.findFirst()` invocation:\n\n{\n  where: {\n    jam_masuk: {\n      gte: \"2024-11-11T29:33:00.000Z\",\n           ~~~~~~~~~~~~~~~~~~~~~~~~~~\n      lt: \"2024-11-11T30:33:00.000Z\"\n    },\n    hari: 1\n  }\n}\n\nInvalid value for argument `gte`: input is out of range. Expected ISO-8601 DateTime.","target":"jadwal_kuliah.findFirst","timestamp":"2024-10-21T15:33:16.141Z"}
{"level":"error","message":"Evaluation failed: TypeError: Cannot read properties of undefined (reading 'WidFactory')\n    at pptr://__puppeteer_evaluation_script__:2:42","timestamp":"2024-10-21T15:59:00.192Z"}
{"level":"error","message":"Evaluation failed: TypeError: Cannot read properties of undefined (reading 'WidFactory')\n    at pptr://__puppeteer_evaluation_script__:2:42","timestamp":"2024-10-21T15:59:00.194Z"}
{"level":"error","message":"Evaluation failed: TypeError: Cannot read properties of undefined (reading 'WidFactory')\n    at pptr://__puppeteer_evaluation_script__:2:42","timestamp":"2024-10-21T16:00:00.909Z"}
{"level":"error","message":"Evaluation failed: TypeError: Cannot read properties of undefined (reading 'WidFactory')\n    at pptr://__puppeteer_evaluation_script__:2:42","timestamp":"2024-10-21T16:01:00.401Z"}
{"level":"error","message":"Evaluation failed: TypeError: Cannot read properties of undefined (reading 'WidFactory')\n    at pptr://__puppeteer_evaluation_script__:2:42","timestamp":"2024-10-21T16:01:44.930Z"}
{"level":"error","message":"\nInvalid `prisma.jadwal_kuliah.findMany()` invocation:\n\n\nCan't reach database server at `localhost:3306`\n\nPlease make sure your database server is running at `localhost:3306`.","target":"jadwal_kuliah.findMany","timestamp":"2024-10-21T16:04:25.351Z"}
{"level":"error","message":"\nInvalid `prisma.jadwal_kuliah.findMany()` invocation:\n\n\nCan't reach database server at `localhost:3306`\n\nPlease make sure your database server is running at `localhost:3306`.","timestamp":"2024-10-21T16:04:25.352Z"}
{"level":"error","message":"\nInvalid `prisma.jadwal_kuliah.findMany()` invocation:\n\n\nServer has closed the connection.","target":"jadwal_kuliah.findMany","timestamp":"2024-10-21T16:04:30.399Z"}
{"level":"error","message":"\nInvalid `prisma.jadwal_kuliah.findMany()` invocation:\n\n\nServer has closed the connection.","timestamp":"2024-10-21T16:04:30.400Z"}
{"level":"error","message":"\nInvalid `prisma.jadwal_kuliah.findMany()` invocation:\n\n\nCan't reach database server at `localhost:3306`\n\nPlease make sure your database server is running at `localhost:3306`.","target":"jadwal_kuliah.findMany","timestamp":"2024-10-21T16:04:39.542Z"}
{"level":"error","message":"\nInvalid `prisma.jadwal_kuliah.findMany()` invocation:\n\n\nCan't reach database server at `localhost:3306`\n\nPlease make sure your database server is running at `localhost:3306`.","timestamp":"2024-10-21T16:04:39.542Z"}
{"level":"error","message":"\nInvalid `prisma.jadwal_kuliah.findMany()` invocation:\n\n\nCan't reach database server at `localhost:3306`\n\nPlease make sure your database server is running at `localhost:3306`.","target":"jadwal_kuliah.findMany","timestamp":"2024-10-21T16:04:49.018Z"}
{"level":"error","message":"\nInvalid `prisma.jadwal_kuliah.findMany()` invocation:\n\n\nCan't reach database server at `localhost:3306`\n\nPlease make sure your database server is running at `localhost:3306`.","timestamp":"2024-10-21T16:04:49.018Z"}
{"level":"error","message":"Evaluation failed: TypeError: Cannot read properties of undefined (reading 'WidFactory')\n    at pptr://__puppeteer_evaluation_script__:2:42","timestamp":"2024-10-21T16:08:01.840Z"}
{"level":"error","message":"Evaluation failed: TypeError: Cannot read properties of undefined (reading 'WidFactory')\n    at pptr://__puppeteer_evaluation_script__:2:42","timestamp":"2024-10-21T16:09:00.945Z"}
{"level":"error","message":"\nInvalid `prisma.tugas.findMany()` invocation:\n\n\nCan't reach database server at `localhost:3306`\n\nPlease make sure your database server is running at `localhost:3306`.","target":"tugas.findMany","timestamp":"2024-10-21T16:30:04.494Z"}
