{"level":"info","message":"WhatsApp client is ready!","timestamp":"2024-10-21T17:00:00.026Z"}
{"level":"info","message":"Starting a mysql pool with 13 connections.","target":"quaint::pooled","timestamp":"2024-10-21T17:00:00.463Z"}
{"level":"info","message":{"duration":0,"params":"[\"2024-10-21 17:00:00.460 UTC\",\"2024-10-21 21:00:00.460 UTC\"]","query":"SELECT `si22tib`.`tugas`.`id`, `si22tib`.`tugas`.`mata_kuliah_id`, `si22tib`.`tugas`.`nama_tugas`, `si22tib`.`tugas`.`deadline`, `si22tib`.`tugas`.`create_at`, `si22tib`.`tugas`.`update_at` FROM `si22tib`.`tugas` WHERE (`si22tib`.`tugas`.`deadline` >= ? AND `si22tib`.`tugas`.`deadline` < ?)","target":"quaint::connector::metrics","timestamp":"2024-10-21T17:00:00.469Z"},"timestamp":"2024-10-21T17:00:00.469Z"}
{"level":"info","message":{"duration":0,"params":"[\"2024-10-20 17:00:00.461 UTC\",\"2024-10-20 18:00:00.461 UTC\",2,1,0]","query":"SELECT `si22tib`.`jadwal_kuliah`.`id`, `si22tib`.`jadwal_kuliah`.`mata_kuliah_id`, `si22tib`.`jadwal_kuliah`.`ruang`, `si22tib`.`jadwal_kuliah`.`hari`, `si22tib`.`jadwal_kuliah`.`jam_masuk`, `si22tib`.`jadwal_kuliah`.`jam_keluar`, `si22tib`.`jadwal_kuliah`.`create_at`, `si22tib`.`jadwal_kuliah`.`update_at` FROM `si22tib`.`jadwal_kuliah` WHERE (`si22tib`.`jadwal_kuliah`.`jam_masuk` >= ? AND `si22tib`.`jadwal_kuliah`.`jam_masuk` < ? AND `si22tib`.`jadwal_kuliah`.`hari` = ?) LIMIT ? OFFSET ?","target":"quaint::connector::metrics","timestamp":"2024-10-21T17:00:00.470Z"},"timestamp":"2024-10-21T17:00:00.470Z"}
{"level":"info","message":{"duration":0,"params":"[]","query":"SELECT `si22tib`.`user`.`id`, `si22tib`.`user`.`username`, `si22tib`.`user`.`password`, `si22tib`.`user`.`nim`, `si22tib`.`user`.`nama`, `si22tib`.`user`.`whatsapp`, `si22tib`.`user`.`create_at`, `si22tib`.`user`.`update_at` FROM `si22tib`.`user` WHERE 1=1","target":"quaint::connector::metrics","timestamp":"2024-10-21T17:00:00.472Z"},"timestamp":"2024-10-21T17:00:00.472Z"}
{"level":"info","message":{"duration":0,"params":"[\"1d73b1b9-523b-4d8e-b01b-39eef6912cad\",1,0]","query":"SELECT `si22tib`.`mata_kuliah`.`id`, `si22tib`.`mata_kuliah`.`nama`, `si22tib`.`mata_kuliah`.`sks`, `si22tib`.`mata_kuliah`.`dosen`, `si22tib`.`mata_kuliah`.`create_at`, `si22tib`.`mata_kuliah`.`update_at` FROM `si22tib`.`mata_kuliah` WHERE (`si22tib`.`mata_kuliah`.`id` = ? AND 1=1) LIMIT ? OFFSET ?","target":"quaint::connector::metrics","timestamp":"2024-10-21T17:00:00.475Z"},"timestamp":"2024-10-21T17:00:00.475Z"}
{"level":"info","message":"server running","timestamp":"2024-10-21T17:00:22.232Z"}
{"level":"info","message":"Starting a mysql pool with 13 connections.","target":"quaint::pooled","timestamp":"2024-10-21T17:00:22.247Z"}
{"level":"info","message":{"duration":0,"params":"[\"2024-10-20 17:00:22.219 UTC\",\"2024-10-20 18:00:22.219 UTC\",2,1,0]","query":"SELECT `si22tib`.`jadwal_kuliah`.`id`, `si22tib`.`jadwal_kuliah`.`mata_kuliah_id`, `si22tib`.`jadwal_kuliah`.`ruang`, `si22tib`.`jadwal_kuliah`.`hari`, `si22tib`.`jadwal_kuliah`.`jam_masuk`, `si22tib`.`jadwal_kuliah`.`jam_keluar`, `si22tib`.`jadwal_kuliah`.`create_at`, `si22tib`.`jadwal_kuliah`.`update_at` FROM `si22tib`.`jadwal_kuliah` WHERE (`si22tib`.`jadwal_kuliah`.`jam_masuk` >= ? AND `si22tib`.`jadwal_kuliah`.`jam_masuk` < ? AND `si22tib`.`jadwal_kuliah`.`hari` = ?) LIMIT ? OFFSET ?","target":"quaint::connector::metrics","timestamp":"2024-10-21T17:00:22.248Z"},"timestamp":"2024-10-21T17:00:22.248Z"}
{"level":"info","message":"Scan QR code di atas untuk login ke WhatsApp","timestamp":"2024-10-21T17:00:28.355Z"}
{"level":"info","message":"server running","timestamp":"2024-10-21T17:00:43.225Z"}
{"level":"info","message":"Starting a mysql pool with 13 connections.","target":"quaint::pooled","timestamp":"2024-10-21T17:00:43.239Z"}
{"level":"info","message":{"duration":0,"params":"[\"2024-10-21 17:00:43.213 UTC\",\"2024-10-21 18:00:43.213 UTC\",2,1,0]","query":"SELECT `si22tib`.`jadwal_kuliah`.`id`, `si22tib`.`jadwal_kuliah`.`mata_kuliah_id`, `si22tib`.`jadwal_kuliah`.`ruang`, `si22tib`.`jadwal_kuliah`.`hari`, `si22tib`.`jadwal_kuliah`.`jam_masuk`, `si22tib`.`jadwal_kuliah`.`jam_keluar`, `si22tib`.`jadwal_kuliah`.`create_at`, `si22tib`.`jadwal_kuliah`.`update_at` FROM `si22tib`.`jadwal_kuliah` WHERE (`si22tib`.`jadwal_kuliah`.`jam_masuk` >= ? AND `si22tib`.`jadwal_kuliah`.`jam_masuk` < ? AND `si22tib`.`jadwal_kuliah`.`hari` = ?) LIMIT ? OFFSET ?","target":"quaint::connector::metrics","timestamp":"2024-10-21T17:00:43.241Z"},"timestamp":"2024-10-21T17:00:43.241Z"}
{"level":"info","message":"Scan QR code di atas untuk login ke WhatsApp","timestamp":"2024-10-21T17:00:49.262Z"}
{"level":"info","message":{"duration":0,"params":"[]","query":"SELECT 1","target":"quaint::connector::metrics","timestamp":"2024-10-21T17:01:02.732Z"},"timestamp":"2024-10-21T17:01:02.732Z"}
{"level":"info","message":{"duration":0,"params":"[10,0]","query":"SELECT `si22tib`.`jadwal_kuliah`.`id`, `si22tib`.`jadwal_kuliah`.`mata_kuliah_id`, `si22tib`.`jadwal_kuliah`.`ruang`, `si22tib`.`jadwal_kuliah`.`hari`, `si22tib`.`jadwal_kuliah`.`jam_masuk`, `si22tib`.`jadwal_kuliah`.`jam_keluar`, `si22tib`.`jadwal_kuliah`.`create_at`, `si22tib`.`jadwal_kuliah`.`update_at` FROM `si22tib`.`jadwal_kuliah` WHERE 1=1 ORDER BY `si22tib`.`jadwal_kuliah`.`hari` ASC LIMIT ? OFFSET ?","target":"quaint::connector::metrics","timestamp":"2024-10-21T17:01:02.732Z"},"timestamp":"2024-10-21T17:01:02.732Z"}
{"level":"info","message":{"duration":0,"params":"[\"1d73b1b9-523b-4d8e-b01b-39eef6912cad\",1,0]","query":"SELECT `si22tib`.`mata_kuliah`.`id`, `si22tib`.`mata_kuliah`.`nama`, `si22tib`.`mata_kuliah`.`sks`, `si22tib`.`mata_kuliah`.`dosen`, `si22tib`.`mata_kuliah`.`create_at`, `si22tib`.`mata_kuliah`.`update_at` FROM `si22tib`.`mata_kuliah` WHERE (`si22tib`.`mata_kuliah`.`id` = ? AND 1=1) LIMIT ? OFFSET ?","target":"quaint::connector::metrics","timestamp":"2024-10-21T17:01:02.734Z"},"timestamp":"2024-10-21T17:01:02.734Z"}
{"level":"info","message":"Scan QR code di atas untuk login ke WhatsApp","timestamp":"2024-10-21T17:01:49.157Z"}
{"level":"info","message":"Scan QR code di atas untuk login ke WhatsApp","timestamp":"2024-10-21T17:02:09.144Z"}
{"level":"info","message":{"duration":0,"params":"[]","query":"SELECT 1","target":"quaint::connector::metrics","timestamp":"2024-10-21T17:02:18.848Z"},"timestamp":"2024-10-21T17:02:18.849Z"}
{"level":"info","message":{"duration":0,"params":"[\"1d73b1b9-523b-4d8e-b01b-39eef6912cad\"]","query":"SELECT COUNT(*) FROM (SELECT `si22tib`.`mata_kuliah`.`id` FROM `si22tib`.`mata_kuliah` WHERE `si22tib`.`mata_kuliah`.`id` = ?) AS `sub`","target":"quaint::connector::metrics","timestamp":"2024-10-21T17:02:18.849Z"},"timestamp":"2024-10-21T17:02:18.849Z"}
{"level":"info","message":{"duration":0,"params":"[\"1d73b1b9-523b-4d8e-b01b-39eef6912cad\"]","query":"SELECT COUNT(*) FROM (SELECT `si22tib`.`jadwal_kuliah`.`id` FROM `si22tib`.`jadwal_kuliah` WHERE `si22tib`.`jadwal_kuliah`.`mata_kuliah_id` = ?) AS `sub`","target":"quaint::connector::metrics","timestamp":"2024-10-21T17:02:18.851Z"},"timestamp":"2024-10-21T17:02:18.851Z"}
{"level":"info","message":{"duration":0,"params":"[]","query":"BEGIN","target":"quaint::connector::metrics","timestamp":"2024-10-21T17:02:18.852Z"},"timestamp":"2024-10-21T17:02:18.852Z"}
{"level":"info","message":{"duration":1,"params":"[\"63fa9a0a-4399-4059-bb2a-1a6f606b9edb\",\"1d73b1b9-523b-4d8e-b01b-39eef6912cad\",\"test\",1,\"2024-10-21 18:03:00 UTC\",\"2024-10-21 18:03:00 UTC\",\"2024-10-21 17:02:18.852 UTC\",\"2024-10-21 17:02:18.852 UTC\"]","query":"INSERT INTO `si22tib`.`jadwal_kuliah` (`id`,`mata_kuliah_id`,`ruang`,`hari`,`jam_masuk`,`jam_keluar`,`create_at`,`update_at`) VALUES (?,?,?,?,?,?,?,?)","target":"quaint::connector::metrics","timestamp":"2024-10-21T17:02:18.854Z"},"timestamp":"2024-10-21T17:02:18.854Z"}
{"level":"info","message":{"duration":1,"params":"[\"63fa9a0a-4399-4059-bb2a-1a6f606b9edb\",1,0]","query":"SELECT `si22tib`.`jadwal_kuliah`.`id`, `si22tib`.`jadwal_kuliah`.`mata_kuliah_id`, `si22tib`.`jadwal_kuliah`.`ruang`, `si22tib`.`jadwal_kuliah`.`hari`, `si22tib`.`jadwal_kuliah`.`jam_masuk`, `si22tib`.`jadwal_kuliah`.`jam_keluar`, `si22tib`.`jadwal_kuliah`.`create_at`, `si22tib`.`jadwal_kuliah`.`update_at` FROM `si22tib`.`jadwal_kuliah` WHERE `si22tib`.`jadwal_kuliah`.`id` = ? LIMIT ? OFFSET ?","target":"quaint::connector::metrics","timestamp":"2024-10-21T17:02:18.856Z"},"timestamp":"2024-10-21T17:02:18.856Z"}
{"level":"info","message":{"duration":0,"params":"[]","query":"COMMIT","target":"quaint::connector::metrics","timestamp":"2024-10-21T17:02:18.857Z"},"timestamp":"2024-10-21T17:02:18.857Z"}
{"level":"info","message":{"duration":0,"params":"[10,0]","query":"SELECT `si22tib`.`jadwal_kuliah`.`id`, `si22tib`.`jadwal_kuliah`.`mata_kuliah_id`, `si22tib`.`jadwal_kuliah`.`ruang`, `si22tib`.`jadwal_kuliah`.`hari`, `si22tib`.`jadwal_kuliah`.`jam_masuk`, `si22tib`.`jadwal_kuliah`.`jam_keluar`, `si22tib`.`jadwal_kuliah`.`create_at`, `si22tib`.`jadwal_kuliah`.`update_at` FROM `si22tib`.`jadwal_kuliah` WHERE 1=1 ORDER BY `si22tib`.`jadwal_kuliah`.`hari` ASC LIMIT ? OFFSET ?","target":"quaint::connector::metrics","timestamp":"2024-10-21T17:02:27.937Z"},"timestamp":"2024-10-21T17:02:27.938Z"}
{"level":"info","message":{"duration":0,"params":"[\"1d73b1b9-523b-4d8e-b01b-39eef6912cad\",1,0]","query":"SELECT `si22tib`.`mata_kuliah`.`id`, `si22tib`.`mata_kuliah`.`nama`, `si22tib`.`mata_kuliah`.`sks`, `si22tib`.`mata_kuliah`.`dosen`, `si22tib`.`mata_kuliah`.`create_at`, `si22tib`.`mata_kuliah`.`update_at` FROM `si22tib`.`mata_kuliah` WHERE (`si22tib`.`mata_kuliah`.`id` = ? AND 1=1) LIMIT ? OFFSET ?","target":"quaint::connector::metrics","timestamp":"2024-10-21T17:02:27.939Z"},"timestamp":"2024-10-21T17:02:27.939Z"}
{"level":"info","message":"Scan QR code di atas untuk login ke WhatsApp","timestamp":"2024-10-21T17:02:29.148Z"}
{"level":"info","message":"Scan QR code di atas untuk login ke WhatsApp","timestamp":"2024-10-21T17:02:49.163Z"}
{"level":"info","message":"server running","timestamp":"2024-10-21T17:03:07.386Z"}
{"level":"info","message":"Starting a mysql pool with 13 connections.","target":"quaint::pooled","timestamp":"2024-10-21T17:03:07.400Z"}
{"level":"info","message":{"duration":0,"params":"[\"2024-10-21 17:03:07.374 UTC\",\"2024-10-21 18:03:07.374 UTC\",2,1,0]","query":"SELECT `si22tib`.`jadwal_kuliah`.`id`, `si22tib`.`jadwal_kuliah`.`mata_kuliah_id`, `si22tib`.`jadwal_kuliah`.`ruang`, `si22tib`.`jadwal_kuliah`.`hari`, `si22tib`.`jadwal_kuliah`.`jam_masuk`, `si22tib`.`jadwal_kuliah`.`jam_keluar`, `si22tib`.`jadwal_kuliah`.`create_at`, `si22tib`.`jadwal_kuliah`.`update_at` FROM `si22tib`.`jadwal_kuliah` WHERE (`si22tib`.`jadwal_kuliah`.`jam_masuk` >= ? AND `si22tib`.`jadwal_kuliah`.`jam_masuk` < ? AND `si22tib`.`jadwal_kuliah`.`hari` = ?) LIMIT ? OFFSET ?","target":"quaint::connector::metrics","timestamp":"2024-10-21T17:03:07.402Z"},"timestamp":"2024-10-21T17:03:07.402Z"}
{"level":"info","message":"Scan QR code di atas untuk login ke WhatsApp","timestamp":"2024-10-21T17:03:12.616Z"}
{"level":"info","message":"server running","timestamp":"2024-10-21T17:04:04.127Z"}
{"level":"info","message":"Starting a mysql pool with 13 connections.","target":"quaint::pooled","timestamp":"2024-10-21T17:04:04.141Z"}
{"level":"info","message":{"duration":0,"params":"[\"2024-10-21 17:04:04.114 UTC\",\"2024-10-21 18:04:04.114 UTC\",2,1,0]","query":"SELECT `si22tib`.`jadwal_kuliah`.`id`, `si22tib`.`jadwal_kuliah`.`mata_kuliah_id`, `si22tib`.`jadwal_kuliah`.`ruang`, `si22tib`.`jadwal_kuliah`.`hari`, `si22tib`.`jadwal_kuliah`.`jam_masuk`, `si22tib`.`jadwal_kuliah`.`jam_keluar`, `si22tib`.`jadwal_kuliah`.`create_at`, `si22tib`.`jadwal_kuliah`.`update_at` FROM `si22tib`.`jadwal_kuliah` WHERE (`si22tib`.`jadwal_kuliah`.`jam_masuk` >= ? AND `si22tib`.`jadwal_kuliah`.`jam_masuk` < ? AND `si22tib`.`jadwal_kuliah`.`hari` = ?) LIMIT ? OFFSET ?","target":"quaint::connector::metrics","timestamp":"2024-10-21T17:04:04.143Z"},"timestamp":"2024-10-21T17:04:04.143Z"}
{"level":"info","message":"server running","timestamp":"2024-10-21T17:04:08.474Z"}
{"level":"info","message":"Starting a mysql pool with 13 connections.","target":"quaint::pooled","timestamp":"2024-10-21T17:04:08.488Z"}
{"level":"info","message":{"duration":0,"params":"[\"2024-10-21 17:04:08.462 UTC\",\"2024-10-21 18:04:08.462 UTC\",2,1,0]","query":"SELECT `si22tib`.`jadwal_kuliah`.`id`, `si22tib`.`jadwal_kuliah`.`mata_kuliah_id`, `si22tib`.`jadwal_kuliah`.`ruang`, `si22tib`.`jadwal_kuliah`.`hari`, `si22tib`.`jadwal_kuliah`.`jam_masuk`, `si22tib`.`jadwal_kuliah`.`jam_keluar`, `si22tib`.`jadwal_kuliah`.`create_at`, `si22tib`.`jadwal_kuliah`.`update_at` FROM `si22tib`.`jadwal_kuliah` WHERE (`si22tib`.`jadwal_kuliah`.`jam_masuk` >= ? AND `si22tib`.`jadwal_kuliah`.`jam_masuk` < ? AND `si22tib`.`jadwal_kuliah`.`hari` = ?) LIMIT ? OFFSET ?","target":"quaint::connector::metrics","timestamp":"2024-10-21T17:04:08.489Z"},"timestamp":"2024-10-21T17:04:08.490Z"}
{"level":"info","message":"Scan QR code di atas untuk login ke WhatsApp","timestamp":"2024-10-21T17:04:14.459Z"}
{"level":"info","message":"server running","timestamp":"2024-10-21T17:05:07.244Z"}
{"level":"info","message":"Starting a mysql pool with 13 connections.","target":"quaint::pooled","timestamp":"2024-10-21T17:05:07.258Z"}
{"level":"info","message":{"duration":0,"params":"[\"2024-10-20 17:05:07.232 UTC\",\"2024-10-20 18:05:07.232 UTC\",2,1,0]","query":"SELECT `si22tib`.`jadwal_kuliah`.`id`, `si22tib`.`jadwal_kuliah`.`mata_kuliah_id`, `si22tib`.`jadwal_kuliah`.`ruang`, `si22tib`.`jadwal_kuliah`.`hari`, `si22tib`.`jadwal_kuliah`.`jam_masuk`, `si22tib`.`jadwal_kuliah`.`jam_keluar`, `si22tib`.`jadwal_kuliah`.`create_at`, `si22tib`.`jadwal_kuliah`.`update_at` FROM `si22tib`.`jadwal_kuliah` WHERE (`si22tib`.`jadwal_kuliah`.`jam_masuk` >= ? AND `si22tib`.`jadwal_kuliah`.`jam_masuk` < ? AND `si22tib`.`jadwal_kuliah`.`hari` = ?) LIMIT ? OFFSET ?","target":"quaint::connector::metrics","timestamp":"2024-10-21T17:05:07.260Z"},"timestamp":"2024-10-21T17:05:07.260Z"}
{"level":"info","message":"Scan QR code di atas untuk login ke WhatsApp","timestamp":"2024-10-21T17:05:12.997Z"}
{"level":"info","message":"server running","timestamp":"2024-10-21T17:05:14.960Z"}
{"level":"info","message":"Starting a mysql pool with 13 connections.","target":"quaint::pooled","timestamp":"2024-10-21T17:05:14.974Z"}
{"level":"info","message":{"duration":0,"params":"[\"2024-10-22 17:05:14.947 UTC\",\"2024-10-22 18:05:14.947 UTC\",2,1,0]","query":"SELECT `si22tib`.`jadwal_kuliah`.`id`, `si22tib`.`jadwal_kuliah`.`mata_kuliah_id`, `si22tib`.`jadwal_kuliah`.`ruang`, `si22tib`.`jadwal_kuliah`.`hari`, `si22tib`.`jadwal_kuliah`.`jam_masuk`, `si22tib`.`jadwal_kuliah`.`jam_keluar`, `si22tib`.`jadwal_kuliah`.`create_at`, `si22tib`.`jadwal_kuliah`.`update_at` FROM `si22tib`.`jadwal_kuliah` WHERE (`si22tib`.`jadwal_kuliah`.`jam_masuk` >= ? AND `si22tib`.`jadwal_kuliah`.`jam_masuk` < ? AND `si22tib`.`jadwal_kuliah`.`hari` = ?) LIMIT ? OFFSET ?","target":"quaint::connector::metrics","timestamp":"2024-10-21T17:05:14.975Z"},"timestamp":"2024-10-21T17:05:14.975Z"}
{"level":"info","message":"Scan QR code di atas untuk login ke WhatsApp","timestamp":"2024-10-21T17:05:21.092Z"}
{"level":"info","message":"Scan QR code di atas untuk login ke WhatsApp","timestamp":"2024-10-21T17:06:20.982Z"}
{"level":"info","message":"Scan QR code di atas untuk login ke WhatsApp","timestamp":"2024-10-21T17:06:40.973Z"}
{"level":"info","message":"Scan QR code di atas untuk login ke WhatsApp","timestamp":"2024-10-21T17:07:00.974Z"}
{"level":"info","message":{"duration":0,"params":"[]","query":"SELECT 1","target":"quaint::connector::metrics","timestamp":"2024-10-21T17:07:14.352Z"},"timestamp":"2024-10-21T17:07:14.352Z"}
{"level":"info","message":{"duration":0,"params":"[\"1d73b1b9-523b-4d8e-b01b-39eef6912cad\"]","query":"SELECT COUNT(*) FROM (SELECT `si22tib`.`mata_kuliah`.`id` FROM `si22tib`.`mata_kuliah` WHERE `si22tib`.`mata_kuliah`.`id` = ?) AS `sub`","target":"quaint::connector::metrics","timestamp":"2024-10-21T17:07:14.352Z"},"timestamp":"2024-10-21T17:07:14.352Z"}
{"level":"info","message":{"duration":0,"params":"[\"1d73b1b9-523b-4d8e-b01b-39eef6912cad\"]","query":"SELECT COUNT(*) FROM (SELECT `si22tib`.`jadwal_kuliah`.`id` FROM `si22tib`.`jadwal_kuliah` WHERE `si22tib`.`jadwal_kuliah`.`mata_kuliah_id` = ?) AS `sub`","target":"quaint::connector::metrics","timestamp":"2024-10-21T17:07:14.354Z"},"timestamp":"2024-10-21T17:07:14.354Z"}
{"level":"info","message":{"duration":0,"params":"[]","query":"BEGIN","target":"quaint::connector::metrics","timestamp":"2024-10-21T17:07:14.355Z"},"timestamp":"2024-10-21T17:07:14.355Z"}
{"level":"info","message":{"duration":0,"params":"[\"6469d7ba-9da8-45e1-83fa-dc68e2a0b085\",\"1d73b1b9-523b-4d8e-b01b-39eef6912cad\",\"test\",1,\"2024-10-22 04:04:00 UTC\",\"2024-10-22 04:04:00 UTC\",\"2024-10-21 17:07:14.356 UTC\",\"2024-10-21 17:07:14.356 UTC\"]","query":"INSERT INTO `si22tib`.`jadwal_kuliah` (`id`,`mata_kuliah_id`,`ruang`,`hari`,`jam_masuk`,`jam_keluar`,`create_at`,`update_at`) VALUES (?,?,?,?,?,?,?,?)","target":"quaint::connector::metrics","timestamp":"2024-10-21T17:07:14.356Z"},"timestamp":"2024-10-21T17:07:14.356Z"}
{"level":"info","message":{"duration":1,"params":"[\"6469d7ba-9da8-45e1-83fa-dc68e2a0b085\",1,0]","query":"SELECT `si22tib`.`jadwal_kuliah`.`id`, `si22tib`.`jadwal_kuliah`.`mata_kuliah_id`, `si22tib`.`jadwal_kuliah`.`ruang`, `si22tib`.`jadwal_kuliah`.`hari`, `si22tib`.`jadwal_kuliah`.`jam_masuk`, `si22tib`.`jadwal_kuliah`.`jam_keluar`, `si22tib`.`jadwal_kuliah`.`create_at`, `si22tib`.`jadwal_kuliah`.`update_at` FROM `si22tib`.`jadwal_kuliah` WHERE `si22tib`.`jadwal_kuliah`.`id` = ? LIMIT ? OFFSET ?","target":"quaint::connector::metrics","timestamp":"2024-10-21T17:07:14.358Z"},"timestamp":"2024-10-21T17:07:14.358Z"}
{"level":"info","message":{"duration":1,"params":"[]","query":"COMMIT","target":"quaint::connector::metrics","timestamp":"2024-10-21T17:07:14.359Z"},"timestamp":"2024-10-21T17:07:14.359Z"}
{"level":"info","message":"Scan QR code di atas untuk login ke WhatsApp","timestamp":"2024-10-21T17:07:20.977Z"}
{"level":"info","message":"server running","timestamp":"2024-10-21T17:07:36.725Z"}
{"level":"info","message":"Starting a mysql pool with 13 connections.","target":"quaint::pooled","timestamp":"2024-10-21T17:07:36.742Z"}
{"level":"info","message":{"duration":0,"params":"[\"2024-10-22 17:07:36.712 UTC\",\"2024-10-22 18:07:36.712 UTC\",2,1,0]","query":"SELECT `si22tib`.`jadwal_kuliah`.`id`, `si22tib`.`jadwal_kuliah`.`mata_kuliah_id`, `si22tib`.`jadwal_kuliah`.`ruang`, `si22tib`.`jadwal_kuliah`.`hari`, `si22tib`.`jadwal_kuliah`.`jam_masuk`, `si22tib`.`jadwal_kuliah`.`jam_keluar`, `si22tib`.`jadwal_kuliah`.`create_at`, `si22tib`.`jadwal_kuliah`.`update_at` FROM `si22tib`.`jadwal_kuliah` WHERE (`si22tib`.`jadwal_kuliah`.`jam_masuk` >= ? AND `si22tib`.`jadwal_kuliah`.`jam_masuk` < ? AND `si22tib`.`jadwal_kuliah`.`hari` = ?) LIMIT ? OFFSET ?","target":"quaint::connector::metrics","timestamp":"2024-10-21T17:07:36.744Z"},"timestamp":"2024-10-21T17:07:36.744Z"}
{"level":"info","message":"Scan QR code di atas untuk login ke WhatsApp","timestamp":"2024-10-21T17:07:42.574Z"}
{"level":"info","message":"server running","timestamp":"2024-10-21T17:07:50.219Z"}
{"level":"info","message":"Starting a mysql pool with 13 connections.","target":"quaint::pooled","timestamp":"2024-10-21T17:07:50.234Z"}
{"level":"info","message":{"duration":0,"params":"[\"2024-10-21 17:07:50.207 UTC\",\"2024-10-21 18:07:50.207 UTC\",2,1,0]","query":"SELECT `si22tib`.`jadwal_kuliah`.`id`, `si22tib`.`jadwal_kuliah`.`mata_kuliah_id`, `si22tib`.`jadwal_kuliah`.`ruang`, `si22tib`.`jadwal_kuliah`.`hari`, `si22tib`.`jadwal_kuliah`.`jam_masuk`, `si22tib`.`jadwal_kuliah`.`jam_keluar`, `si22tib`.`jadwal_kuliah`.`create_at`, `si22tib`.`jadwal_kuliah`.`update_at` FROM `si22tib`.`jadwal_kuliah` WHERE (`si22tib`.`jadwal_kuliah`.`jam_masuk` >= ? AND `si22tib`.`jadwal_kuliah`.`jam_masuk` < ? AND `si22tib`.`jadwal_kuliah`.`hari` = ?) LIMIT ? OFFSET ?","target":"quaint::connector::metrics","timestamp":"2024-10-21T17:07:50.236Z"},"timestamp":"2024-10-21T17:07:50.236Z"}
{"level":"info","message":"Scan QR code di atas untuk login ke WhatsApp","timestamp":"2024-10-21T17:07:56.639Z"}
{"level":"info","message":{"duration":0,"params":"[]","query":"SELECT 1","target":"quaint::connector::metrics","timestamp":"2024-10-21T17:08:34.498Z"},"timestamp":"2024-10-21T17:08:34.498Z"}
{"level":"info","message":{"duration":0,"params":"[\"1d73b1b9-523b-4d8e-b01b-39eef6912cad\"]","query":"SELECT COUNT(*) FROM (SELECT `si22tib`.`mata_kuliah`.`id` FROM `si22tib`.`mata_kuliah` WHERE `si22tib`.`mata_kuliah`.`id` = ?) AS `sub`","target":"quaint::connector::metrics","timestamp":"2024-10-21T17:08:34.499Z"},"timestamp":"2024-10-21T17:08:34.499Z"}
{"level":"info","message":{"duration":0,"params":"[\"1d73b1b9-523b-4d8e-b01b-39eef6912cad\"]","query":"SELECT COUNT(*) FROM (SELECT `si22tib`.`jadwal_kuliah`.`id` FROM `si22tib`.`jadwal_kuliah` WHERE `si22tib`.`jadwal_kuliah`.`mata_kuliah_id` = ?) AS `sub`","target":"quaint::connector::metrics","timestamp":"2024-10-21T17:08:34.502Z"},"timestamp":"2024-10-21T17:08:34.502Z"}
{"level":"info","message":{"duration":0,"params":"[]","query":"BEGIN","target":"quaint::connector::metrics","timestamp":"2024-10-21T17:08:34.503Z"},"timestamp":"2024-10-21T17:08:34.503Z"}
{"level":"info","message":{"duration":1,"params":"[\"de897631-0464-46a4-aa5b-b0df8f88cb23\",\"1d73b1b9-523b-4d8e-b01b-39eef6912cad\",\"test\",1,\"2024-10-21 18:04:00 UTC\",\"2024-10-21 18:04:00 UTC\",\"2024-10-21 17:08:34.504 UTC\",\"2024-10-21 17:08:34.504 UTC\"]","query":"INSERT INTO `si22tib`.`jadwal_kuliah` (`id`,`mata_kuliah_id`,`ruang`,`hari`,`jam_masuk`,`jam_keluar`,`create_at`,`update_at`) VALUES (?,?,?,?,?,?,?,?)","target":"quaint::connector::metrics","timestamp":"2024-10-21T17:08:34.505Z"},"timestamp":"2024-10-21T17:08:34.505Z"}
{"level":"info","message":{"duration":1,"params":"[\"de897631-0464-46a4-aa5b-b0df8f88cb23\",1,0]","query":"SELECT `si22tib`.`jadwal_kuliah`.`id`, `si22tib`.`jadwal_kuliah`.`mata_kuliah_id`, `si22tib`.`jadwal_kuliah`.`ruang`, `si22tib`.`jadwal_kuliah`.`hari`, `si22tib`.`jadwal_kuliah`.`jam_masuk`, `si22tib`.`jadwal_kuliah`.`jam_keluar`, `si22tib`.`jadwal_kuliah`.`create_at`, `si22tib`.`jadwal_kuliah`.`update_at` FROM `si22tib`.`jadwal_kuliah` WHERE `si22tib`.`jadwal_kuliah`.`id` = ? LIMIT ? OFFSET ?","target":"quaint::connector::metrics","timestamp":"2024-10-21T17:08:34.507Z"},"timestamp":"2024-10-21T17:08:34.507Z"}
{"level":"info","message":{"duration":0,"params":"[]","query":"COMMIT","target":"quaint::connector::metrics","timestamp":"2024-10-21T17:08:34.507Z"},"timestamp":"2024-10-21T17:08:34.507Z"}
{"level":"info","message":"server running","timestamp":"2024-10-21T17:08:55.688Z"}
{"level":"info","message":"Starting a mysql pool with 13 connections.","target":"quaint::pooled","timestamp":"2024-10-21T17:08:55.702Z"}
{"level":"info","message":{"duration":0,"params":"[\"2024-10-21 17:08:55.676 UTC\",\"2024-10-21 18:08:55.676 UTC\",2,1,0]","query":"SELECT `si22tib`.`jadwal_kuliah`.`id`, `si22tib`.`jadwal_kuliah`.`mata_kuliah_id`, `si22tib`.`jadwal_kuliah`.`ruang`, `si22tib`.`jadwal_kuliah`.`hari`, `si22tib`.`jadwal_kuliah`.`jam_masuk`, `si22tib`.`jadwal_kuliah`.`jam_keluar`, `si22tib`.`jadwal_kuliah`.`create_at`, `si22tib`.`jadwal_kuliah`.`update_at` FROM `si22tib`.`jadwal_kuliah` WHERE (`si22tib`.`jadwal_kuliah`.`jam_masuk` >= ? AND `si22tib`.`jadwal_kuliah`.`jam_masuk` < ? AND `si22tib`.`jadwal_kuliah`.`hari` = ?) LIMIT ? OFFSET ?","target":"quaint::connector::metrics","timestamp":"2024-10-21T17:08:55.704Z"},"timestamp":"2024-10-21T17:08:55.704Z"}
{"level":"info","message":"Scan QR code di atas untuk login ke WhatsApp","timestamp":"2024-10-21T17:09:01.431Z"}
{"level":"info","message":"server running","timestamp":"2024-10-21T17:09:06.616Z"}
{"level":"info","message":"Starting a mysql pool with 13 connections.","target":"quaint::pooled","timestamp":"2024-10-21T17:09:06.629Z"}
{"level":"info","message":{"duration":0,"params":"[\"2024-10-20 17:09:06.603 UTC\",\"2024-10-20 18:09:06.603 UTC\",2,1,0]","query":"SELECT `si22tib`.`jadwal_kuliah`.`id`, `si22tib`.`jadwal_kuliah`.`mata_kuliah_id`, `si22tib`.`jadwal_kuliah`.`ruang`, `si22tib`.`jadwal_kuliah`.`hari`, `si22tib`.`jadwal_kuliah`.`jam_masuk`, `si22tib`.`jadwal_kuliah`.`jam_keluar`, `si22tib`.`jadwal_kuliah`.`create_at`, `si22tib`.`jadwal_kuliah`.`update_at` FROM `si22tib`.`jadwal_kuliah` WHERE (`si22tib`.`jadwal_kuliah`.`jam_masuk` >= ? AND `si22tib`.`jadwal_kuliah`.`jam_masuk` < ? AND `si22tib`.`jadwal_kuliah`.`hari` = ?) LIMIT ? OFFSET ?","target":"quaint::connector::metrics","timestamp":"2024-10-21T17:09:06.631Z"},"timestamp":"2024-10-21T17:09:06.631Z"}
{"level":"info","message":"Scan QR code di atas untuk login ke WhatsApp","timestamp":"2024-10-21T17:09:12.191Z"}
{"level":"info","message":"server running","timestamp":"2024-10-21T17:09:13.950Z"}
{"level":"info","message":"Starting a mysql pool with 13 connections.","target":"quaint::pooled","timestamp":"2024-10-21T17:09:13.964Z"}
{"level":"info","message":{"duration":0,"params":"[\"2024-10-22 17:09:13.938 UTC\",\"2024-10-22 18:09:13.938 UTC\",2,1,0]","query":"SELECT `si22tib`.`jadwal_kuliah`.`id`, `si22tib`.`jadwal_kuliah`.`mata_kuliah_id`, `si22tib`.`jadwal_kuliah`.`ruang`, `si22tib`.`jadwal_kuliah`.`hari`, `si22tib`.`jadwal_kuliah`.`jam_masuk`, `si22tib`.`jadwal_kuliah`.`jam_keluar`, `si22tib`.`jadwal_kuliah`.`create_at`, `si22tib`.`jadwal_kuliah`.`update_at` FROM `si22tib`.`jadwal_kuliah` WHERE (`si22tib`.`jadwal_kuliah`.`jam_masuk` >= ? AND `si22tib`.`jadwal_kuliah`.`jam_masuk` < ? AND `si22tib`.`jadwal_kuliah`.`hari` = ?) LIMIT ? OFFSET ?","target":"quaint::connector::metrics","timestamp":"2024-10-21T17:09:13.966Z"},"timestamp":"2024-10-21T17:09:13.966Z"}
{"level":"info","message":"Scan QR code di atas untuk login ke WhatsApp","timestamp":"2024-10-21T17:09:20.482Z"}
{"level":"info","message":"Scan QR code di atas untuk login ke WhatsApp","timestamp":"2024-10-21T17:10:20.374Z"}
{"level":"info","message":"Scan QR code di atas untuk login ke WhatsApp","timestamp":"2024-10-21T17:10:40.363Z"}
{"level":"info","message":"Scan QR code di atas untuk login ke WhatsApp","timestamp":"2024-10-21T17:11:00.371Z"}
{"level":"info","message":"Scan QR code di atas untuk login ke WhatsApp","timestamp":"2024-10-21T17:11:20.377Z"}
{"level":"info","message":"Scan QR code di atas untuk login ke WhatsApp","timestamp":"2024-10-21T17:11:40.388Z"}
{"level":"info","message":"server running","timestamp":"2024-10-21T17:12:09.946Z"}
{"level":"info","message":"Starting a mysql pool with 13 connections.","target":"quaint::pooled","timestamp":"2024-10-21T17:12:09.962Z"}
{"level":"info","message":{"duration":0,"params":"[\"00:12:00\",\"01:12:00\",2]","query":"\n    SELECT * FROM jadwal_kuliah \n    WHERE TIME(jam_masuk) >= ? \n    AND TIME(jam_masuk) < ? \n    AND hari = ? \n    LIMIT 1\n  ","target":"quaint::connector::metrics","timestamp":"2024-10-21T17:12:09.964Z"},"timestamp":"2024-10-21T17:12:09.964Z"}
{"level":"error","message":"\nInvalid `prisma.mata_kuliah.findUnique()` invocation:\n\n{\n  where: {\n    id: undefined,\n?   AND?: mata_kuliahWhereInput | mata_kuliahWhereInput[],\n?   OR?: mata_kuliahWhereInput[],\n?   NOT?: mata_kuliahWhereInput | mata_kuliahWhereInput[],\n?   nama?: StringFilter | String,\n?   sks?: IntFilter | Int,\n?   dosen?: StringFilter | String,\n?   create_at?: DateTimeFilter | DateTime,\n?   update_at?: DateTimeFilter | DateTime,\n?   jadwal_kuliah?: Jadwal_kuliahListRelationFilter,\n?   tugas?: TugasListRelationFilter,\n?   kelompok?: KelompokListRelationFilter\n  }\n}\n\nArgument `where` of type mata_kuliahWhereUniqueInput needs at least one of `id` arguments. Available options are marked with ?.","target":"mata_kuliah.findUnique","timestamp":"2024-10-21T17:12:09.970Z"}
{"level":"info","message":"server running","timestamp":"2024-10-21T17:13:03.717Z"}
{"level":"info","message":"Starting a mysql pool with 13 connections.","target":"quaint::pooled","timestamp":"2024-10-21T17:13:03.731Z"}
{"level":"info","message":{"duration":0,"params":"[\"00:13:00\",\"01:13:00\",2]","query":"\n    SELECT * FROM jadwal_kuliah \n    WHERE TIME(jam_masuk) >= ? \n    AND TIME(jam_masuk) < ? \n    AND hari = ? \n    LIMIT 1\n  ","target":"quaint::connector::metrics","timestamp":"2024-10-21T17:13:03.732Z"},"timestamp":"2024-10-21T17:13:03.732Z"}
{"level":"info","message":"server running","timestamp":"2024-10-21T17:13:06.359Z"}
{"level":"info","message":"Starting a mysql pool with 13 connections.","target":"quaint::pooled","timestamp":"2024-10-21T17:13:06.374Z"}
{"level":"info","message":{"duration":0,"params":"[\"00:13:00\",\"01:13:00\",2]","query":"\n    SELECT * FROM jadwal_kuliah \n    WHERE TIME(jam_masuk) >= ? \n    AND TIME(jam_masuk) < ? \n    AND hari = ? \n    LIMIT 1\n  ","target":"quaint::connector::metrics","timestamp":"2024-10-21T17:13:06.376Z"},"timestamp":"2024-10-21T17:13:06.376Z"}
{"level":"info","message":"server running","timestamp":"2024-10-21T17:13:34.330Z"}
{"level":"info","message":"Starting a mysql pool with 13 connections.","target":"quaint::pooled","timestamp":"2024-10-21T17:13:34.345Z"}
{"level":"info","message":{"duration":0,"params":"[\"00:13:00\",\"01:13:00\",2]","query":"\n    SELECT * FROM jadwal_kuliah \n    WHERE TIME(jam_masuk) >= ? \n    AND TIME(jam_masuk) < ? \n    AND hari = ? \n    LIMIT 1\n  ","target":"quaint::connector::metrics","timestamp":"2024-10-21T17:13:34.346Z"},"timestamp":"2024-10-21T17:13:34.346Z"}
{"level":"info","message":"server running","timestamp":"2024-10-21T17:13:39.608Z"}
{"level":"info","message":"Starting a mysql pool with 13 connections.","target":"quaint::pooled","timestamp":"2024-10-21T17:13:39.621Z"}
{"level":"info","message":{"duration":0,"params":"[\"00:13:00\",\"01:13:00\",2]","query":"\n    SELECT * FROM jadwal_kuliah \n    WHERE TIME(jam_masuk) >= ? \n    AND TIME(jam_masuk) < ? \n    AND hari = ? \n    LIMIT 1\n  ","target":"quaint::connector::metrics","timestamp":"2024-10-21T17:13:39.623Z"},"timestamp":"2024-10-21T17:13:39.623Z"}
{"level":"info","message":"server running","timestamp":"2024-10-21T17:14:04.539Z"}
{"level":"info","message":"Starting a mysql pool with 13 connections.","target":"quaint::pooled","timestamp":"2024-10-21T17:14:04.554Z"}
{"level":"info","message":{"duration":0,"params":"[\"00:14:00\",\"01:14:00\",2]","query":"\n    SELECT * FROM jadwal_kuliah \n    WHERE TIME(jam_masuk) >= ? \n    AND TIME(jam_masuk) < ? \n    AND hari = ? \n    LIMIT 1\n  ","target":"quaint::connector::metrics","timestamp":"2024-10-21T17:14:04.555Z"},"timestamp":"2024-10-21T17:14:04.555Z"}
{"level":"info","message":"Scan QR code di atas untuk login ke WhatsApp","timestamp":"2024-10-21T17:14:11.337Z"}
{"level":"info","message":"server running","timestamp":"2024-10-21T17:14:24.166Z"}
{"level":"info","message":"Starting a mysql pool with 13 connections.","target":"quaint::pooled","timestamp":"2024-10-21T17:14:24.181Z"}
{"level":"info","message":{"duration":0,"params":"[\"00:14:00\",\"01:14:00\",2]","query":"\n    SELECT * FROM jadwal_kuliah \n    WHERE TIME(jam_masuk) >= ? \n    AND TIME(jam_masuk) < ? \n    AND hari = ? \n    LIMIT 1\n  ","target":"quaint::connector::metrics","timestamp":"2024-10-21T17:14:24.182Z"},"timestamp":"2024-10-21T17:14:24.182Z"}
{"level":"info","message":"Scan QR code di atas untuk login ke WhatsApp","timestamp":"2024-10-21T17:14:29.896Z"}
{"level":"info","message":"server running","timestamp":"2024-10-21T17:14:50.208Z"}
{"level":"info","message":"Starting a mysql pool with 13 connections.","target":"quaint::pooled","timestamp":"2024-10-21T17:14:50.223Z"}
{"level":"info","message":{"duration":0,"params":"[\"00:14:00\",\"01:14:00\",2]","query":"\n    SELECT * FROM jadwal_kuliah \n    WHERE TIME(jam_masuk) >= ? \n    AND TIME(jam_masuk) < ? \n    AND hari = ? \n    LIMIT 1\n  ","target":"quaint::connector::metrics","timestamp":"2024-10-21T17:14:50.224Z"},"timestamp":"2024-10-21T17:14:50.224Z"}
{"level":"info","message":"Scan QR code di atas untuk login ke WhatsApp","timestamp":"2024-10-21T17:14:55.507Z"}
{"level":"info","message":{"duration":0,"params":"[]","query":"SELECT 1","target":"quaint::connector::metrics","timestamp":"2024-10-21T17:15:28.407Z"},"timestamp":"2024-10-21T17:15:28.407Z"}
{"level":"info","message":{"duration":0,"params":"[10,0]","query":"SELECT `si22tib`.`jadwal_kuliah`.`id`, `si22tib`.`jadwal_kuliah`.`mata_kuliah_id`, `si22tib`.`jadwal_kuliah`.`ruang`, `si22tib`.`jadwal_kuliah`.`hari`, `si22tib`.`jadwal_kuliah`.`jam_masuk`, `si22tib`.`jadwal_kuliah`.`jam_keluar`, `si22tib`.`jadwal_kuliah`.`create_at`, `si22tib`.`jadwal_kuliah`.`update_at` FROM `si22tib`.`jadwal_kuliah` WHERE 1=1 ORDER BY `si22tib`.`jadwal_kuliah`.`hari` ASC LIMIT ? OFFSET ?","target":"quaint::connector::metrics","timestamp":"2024-10-21T17:15:28.408Z"},"timestamp":"2024-10-21T17:15:28.408Z"}
{"level":"info","message":{"duration":0,"params":"[\"1d73b1b9-523b-4d8e-b01b-39eef6912cad\",1,0]","query":"SELECT `si22tib`.`mata_kuliah`.`id`, `si22tib`.`mata_kuliah`.`nama`, `si22tib`.`mata_kuliah`.`sks`, `si22tib`.`mata_kuliah`.`dosen`, `si22tib`.`mata_kuliah`.`create_at`, `si22tib`.`mata_kuliah`.`update_at` FROM `si22tib`.`mata_kuliah` WHERE (`si22tib`.`mata_kuliah`.`id` = ? AND 1=1) LIMIT ? OFFSET ?","target":"quaint::connector::metrics","timestamp":"2024-10-21T17:15:28.410Z"},"timestamp":"2024-10-21T17:15:28.410Z"}
{"level":"info","message":"Scan QR code di atas untuk login ke WhatsApp","timestamp":"2024-10-21T17:15:55.406Z"}
{"level":"info","message":"Scan QR code di atas untuk login ke WhatsApp","timestamp":"2024-10-21T17:16:15.397Z"}
{"level":"info","message":"Scan QR code di atas untuk login ke WhatsApp","timestamp":"2024-10-21T17:16:35.412Z"}
{"level":"info","message":"Scan QR code di atas untuk login ke WhatsApp","timestamp":"2024-10-21T17:16:55.413Z"}
{"level":"info","message":"Scan QR code di atas untuk login ke WhatsApp","timestamp":"2024-10-21T17:17:15.417Z"}
{"level":"info","message":"Scan QR code di atas untuk login ke WhatsApp","timestamp":"2024-10-21T17:18:26.532Z"}
{"level":"info","message":"server running","timestamp":"2024-10-21T17:18:33.025Z"}
{"level":"info","message":"Starting a mysql pool with 13 connections.","target":"quaint::pooled","timestamp":"2024-10-21T17:18:33.040Z"}
{"level":"info","message":{"duration":0,"params":"[2]","query":"SELECT `si22tib`.`jadwal_kuliah`.`id`, `si22tib`.`jadwal_kuliah`.`mata_kuliah_id`, `si22tib`.`jadwal_kuliah`.`ruang`, `si22tib`.`jadwal_kuliah`.`hari`, `si22tib`.`jadwal_kuliah`.`jam_masuk`, `si22tib`.`jadwal_kuliah`.`jam_keluar`, `si22tib`.`jadwal_kuliah`.`create_at`, `si22tib`.`jadwal_kuliah`.`update_at` FROM `si22tib`.`jadwal_kuliah` WHERE `si22tib`.`jadwal_kuliah`.`hari` = ?","target":"quaint::connector::metrics","timestamp":"2024-10-21T17:18:33.041Z"},"timestamp":"2024-10-21T17:18:33.041Z"}
{"level":"info","message":"Scan QR code di atas untuk login ke WhatsApp","timestamp":"2024-10-21T17:18:38.419Z"}
{"level":"info","message":"server running","timestamp":"2024-10-21T17:18:52.024Z"}
{"level":"info","message":"Starting a mysql pool with 13 connections.","target":"quaint::pooled","timestamp":"2024-10-21T17:18:52.038Z"}
{"level":"info","message":{"duration":0,"params":"[2]","query":"SELECT `si22tib`.`jadwal_kuliah`.`id`, `si22tib`.`jadwal_kuliah`.`mata_kuliah_id`, `si22tib`.`jadwal_kuliah`.`ruang`, `si22tib`.`jadwal_kuliah`.`hari`, `si22tib`.`jadwal_kuliah`.`jam_masuk`, `si22tib`.`jadwal_kuliah`.`jam_keluar`, `si22tib`.`jadwal_kuliah`.`create_at`, `si22tib`.`jadwal_kuliah`.`update_at` FROM `si22tib`.`jadwal_kuliah` WHERE `si22tib`.`jadwal_kuliah`.`hari` = ?","target":"quaint::connector::metrics","timestamp":"2024-10-21T17:18:52.039Z"},"timestamp":"2024-10-21T17:18:52.040Z"}
{"level":"info","message":"Scan QR code di atas untuk login ke WhatsApp","timestamp":"2024-10-21T17:18:58.121Z"}
{"level":"info","message":"server running","timestamp":"2024-10-21T17:19:12.778Z"}
{"level":"info","message":"Starting a mysql pool with 13 connections.","target":"quaint::pooled","timestamp":"2024-10-21T17:19:12.792Z"}
{"level":"info","message":{"duration":0,"params":"[2]","query":"SELECT `si22tib`.`jadwal_kuliah`.`id`, `si22tib`.`jadwal_kuliah`.`mata_kuliah_id`, `si22tib`.`jadwal_kuliah`.`ruang`, `si22tib`.`jadwal_kuliah`.`hari`, `si22tib`.`jadwal_kuliah`.`jam_masuk`, `si22tib`.`jadwal_kuliah`.`jam_keluar`, `si22tib`.`jadwal_kuliah`.`create_at`, `si22tib`.`jadwal_kuliah`.`update_at` FROM `si22tib`.`jadwal_kuliah` WHERE `si22tib`.`jadwal_kuliah`.`hari` = ?","target":"quaint::connector::metrics","timestamp":"2024-10-21T17:19:12.794Z"},"timestamp":"2024-10-21T17:19:12.794Z"}
{"level":"info","message":"Scan QR code di atas untuk login ke WhatsApp","timestamp":"2024-10-21T17:19:18.261Z"}
{"level":"info","message":"server running","timestamp":"2024-10-21T17:19:49.837Z"}
{"level":"info","message":"Starting a mysql pool with 13 connections.","target":"quaint::pooled","timestamp":"2024-10-21T17:19:49.852Z"}
{"level":"info","message":{"duration":0,"params":"[\"00:19:00\",\"01:19:00\",2]","query":"\n    SELECT * FROM jadwal_kuliah \n    WHERE TIME(jam_masuk) >= ? \n    AND TIME(jam_masuk) < ? \n    AND hari = ? \n    LIMIT 1\n  ","target":"quaint::connector::metrics","timestamp":"2024-10-21T17:19:49.854Z"},"timestamp":"2024-10-21T17:19:49.854Z"}
{"level":"info","message":"Scan QR code di atas untuk login ke WhatsApp","timestamp":"2024-10-21T17:19:55.575Z"}
{"level":"info","message":"server running","timestamp":"2024-10-21T17:20:07.377Z"}
{"level":"info","message":"Starting a mysql pool with 13 connections.","target":"quaint::pooled","timestamp":"2024-10-21T17:20:07.391Z"}
{"level":"info","message":{"duration":0,"params":"[\"00:20:00\",\"01:20:00\",2]","query":"\n    SELECT * FROM jadwal_kuliah \n    WHERE TIME(jam_masuk) >= ? \n    AND TIME(jam_masuk) < ? \n    AND hari = ? \n    LIMIT 1\n  ","target":"quaint::connector::metrics","timestamp":"2024-10-21T17:20:07.393Z"},"timestamp":"2024-10-21T17:20:07.393Z"}
{"level":"info","message":"server running","timestamp":"2024-10-21T17:20:29.778Z"}
{"level":"info","message":"Starting a mysql pool with 13 connections.","target":"quaint::pooled","timestamp":"2024-10-21T17:20:29.792Z"}
{"level":"info","message":{"duration":0,"params":"[2]","query":"SELECT `si22tib`.`jadwal_kuliah`.`id`, `si22tib`.`jadwal_kuliah`.`mata_kuliah_id`, `si22tib`.`jadwal_kuliah`.`ruang`, `si22tib`.`jadwal_kuliah`.`hari`, `si22tib`.`jadwal_kuliah`.`jam_masuk`, `si22tib`.`jadwal_kuliah`.`jam_keluar`, `si22tib`.`jadwal_kuliah`.`create_at`, `si22tib`.`jadwal_kuliah`.`update_at` FROM `si22tib`.`jadwal_kuliah` WHERE `si22tib`.`jadwal_kuliah`.`hari` = ?","target":"quaint::connector::metrics","timestamp":"2024-10-21T17:20:29.794Z"},"timestamp":"2024-10-21T17:20:29.794Z"}
{"level":"info","message":{"duration":0,"params":"[\"1d73b1b9-523b-4d8e-b01b-39eef6912cad\",1,0]","query":"SELECT `si22tib`.`mata_kuliah`.`id`, `si22tib`.`mata_kuliah`.`nama`, `si22tib`.`mata_kuliah`.`sks`, `si22tib`.`mata_kuliah`.`dosen`, `si22tib`.`mata_kuliah`.`create_at`, `si22tib`.`mata_kuliah`.`update_at` FROM `si22tib`.`mata_kuliah` WHERE (`si22tib`.`mata_kuliah`.`id` = ? AND 1=1) LIMIT ? OFFSET ?","target":"quaint::connector::metrics","timestamp":"2024-10-21T17:20:29.796Z"},"timestamp":"2024-10-21T17:20:29.796Z"}
{"level":"info","message":{"duration":0,"params":"[]","query":"SELECT `si22tib`.`user`.`id`, `si22tib`.`user`.`username`, `si22tib`.`user`.`password`, `si22tib`.`user`.`nim`, `si22tib`.`user`.`nama`, `si22tib`.`user`.`whatsapp`, `si22tib`.`user`.`create_at`, `si22tib`.`user`.`update_at` FROM `si22tib`.`user` WHERE 1=1","target":"quaint::connector::metrics","timestamp":"2024-10-21T17:20:29.798Z"},"timestamp":"2024-10-21T17:20:29.798Z"}
{"level":"info","message":"server running","timestamp":"2024-10-21T17:20:50.701Z"}
{"level":"info","message":"Starting a mysql pool with 13 connections.","target":"quaint::pooled","timestamp":"2024-10-21T17:20:50.716Z"}
{"level":"info","message":{"duration":0,"params":"[2]","query":"SELECT `si22tib`.`jadwal_kuliah`.`id`, `si22tib`.`jadwal_kuliah`.`mata_kuliah_id`, `si22tib`.`jadwal_kuliah`.`ruang`, `si22tib`.`jadwal_kuliah`.`hari`, `si22tib`.`jadwal_kuliah`.`jam_masuk`, `si22tib`.`jadwal_kuliah`.`jam_keluar`, `si22tib`.`jadwal_kuliah`.`create_at`, `si22tib`.`jadwal_kuliah`.`update_at` FROM `si22tib`.`jadwal_kuliah` WHERE `si22tib`.`jadwal_kuliah`.`hari` = ?","target":"quaint::connector::metrics","timestamp":"2024-10-21T17:20:50.717Z"},"timestamp":"2024-10-21T17:20:50.717Z"}
{"level":"info","message":{"duration":0,"params":"[\"1d73b1b9-523b-4d8e-b01b-39eef6912cad\",1,0]","query":"SELECT `si22tib`.`mata_kuliah`.`id`, `si22tib`.`mata_kuliah`.`nama`, `si22tib`.`mata_kuliah`.`sks`, `si22tib`.`mata_kuliah`.`dosen`, `si22tib`.`mata_kuliah`.`create_at`, `si22tib`.`mata_kuliah`.`update_at` FROM `si22tib`.`mata_kuliah` WHERE (`si22tib`.`mata_kuliah`.`id` = ? AND 1=1) LIMIT ? OFFSET ?","target":"quaint::connector::metrics","timestamp":"2024-10-21T17:20:50.719Z"},"timestamp":"2024-10-21T17:20:50.719Z"}
{"level":"info","message":{"duration":0,"params":"[]","query":"SELECT `si22tib`.`user`.`id`, `si22tib`.`user`.`username`, `si22tib`.`user`.`password`, `si22tib`.`user`.`nim`, `si22tib`.`user`.`nama`, `si22tib`.`user`.`whatsapp`, `si22tib`.`user`.`create_at`, `si22tib`.`user`.`update_at` FROM `si22tib`.`user` WHERE 1=1","target":"quaint::connector::metrics","timestamp":"2024-10-21T17:20:50.721Z"},"timestamp":"2024-10-21T17:20:50.721Z"}
{"level":"info","message":"server running","timestamp":"2024-10-21T17:21:04.687Z"}
{"level":"info","message":"Starting a mysql pool with 13 connections.","target":"quaint::pooled","timestamp":"2024-10-21T17:21:04.701Z"}
{"level":"info","message":{"duration":0,"params":"[2]","query":"SELECT `si22tib`.`jadwal_kuliah`.`id`, `si22tib`.`jadwal_kuliah`.`mata_kuliah_id`, `si22tib`.`jadwal_kuliah`.`ruang`, `si22tib`.`jadwal_kuliah`.`hari`, `si22tib`.`jadwal_kuliah`.`jam_masuk`, `si22tib`.`jadwal_kuliah`.`jam_keluar`, `si22tib`.`jadwal_kuliah`.`create_at`, `si22tib`.`jadwal_kuliah`.`update_at` FROM `si22tib`.`jadwal_kuliah` WHERE `si22tib`.`jadwal_kuliah`.`hari` = ?","target":"quaint::connector::metrics","timestamp":"2024-10-21T17:21:04.703Z"},"timestamp":"2024-10-21T17:21:04.703Z"}
{"level":"info","message":{"duration":0,"params":"[\"1d73b1b9-523b-4d8e-b01b-39eef6912cad\",1,0]","query":"SELECT `si22tib`.`mata_kuliah`.`id`, `si22tib`.`mata_kuliah`.`nama`, `si22tib`.`mata_kuliah`.`sks`, `si22tib`.`mata_kuliah`.`dosen`, `si22tib`.`mata_kuliah`.`create_at`, `si22tib`.`mata_kuliah`.`update_at` FROM `si22tib`.`mata_kuliah` WHERE (`si22tib`.`mata_kuliah`.`id` = ? AND 1=1) LIMIT ? OFFSET ?","target":"quaint::connector::metrics","timestamp":"2024-10-21T17:21:04.707Z"},"timestamp":"2024-10-21T17:21:04.707Z"}
{"level":"info","message":{"duration":0,"params":"[]","query":"SELECT `si22tib`.`user`.`id`, `si22tib`.`user`.`username`, `si22tib`.`user`.`password`, `si22tib`.`user`.`nim`, `si22tib`.`user`.`nama`, `si22tib`.`user`.`whatsapp`, `si22tib`.`user`.`create_at`, `si22tib`.`user`.`update_at` FROM `si22tib`.`user` WHERE 1=1","target":"quaint::connector::metrics","timestamp":"2024-10-21T17:21:04.708Z"},"timestamp":"2024-10-21T17:21:04.708Z"}
{"level":"info","message":"server running","timestamp":"2024-10-21T17:23:02.068Z"}
{"level":"info","message":"Starting a mysql pool with 13 connections.","target":"quaint::pooled","timestamp":"2024-10-21T17:23:02.088Z"}
{"level":"info","message":{"duration":0,"params":"[2]","query":"SELECT `si22tib`.`jadwal_kuliah`.`id`, `si22tib`.`jadwal_kuliah`.`mata_kuliah_id`, `si22tib`.`jadwal_kuliah`.`ruang`, `si22tib`.`jadwal_kuliah`.`hari`, `si22tib`.`jadwal_kuliah`.`jam_masuk`, `si22tib`.`jadwal_kuliah`.`jam_keluar`, `si22tib`.`jadwal_kuliah`.`create_at`, `si22tib`.`jadwal_kuliah`.`update_at` FROM `si22tib`.`jadwal_kuliah` WHERE `si22tib`.`jadwal_kuliah`.`hari` = ?","target":"quaint::connector::metrics","timestamp":"2024-10-21T17:23:02.096Z"},"timestamp":"2024-10-21T17:23:02.097Z"}
{"level":"info","message":{"duration":0,"params":"[10,0]","query":"SELECT `si22tib`.`jadwal_kuliah`.`id`, `si22tib`.`jadwal_kuliah`.`mata_kuliah_id`, `si22tib`.`jadwal_kuliah`.`ruang`, `si22tib`.`jadwal_kuliah`.`hari`, `si22tib`.`jadwal_kuliah`.`jam_masuk`, `si22tib`.`jadwal_kuliah`.`jam_keluar`, `si22tib`.`jadwal_kuliah`.`create_at`, `si22tib`.`jadwal_kuliah`.`update_at` FROM `si22tib`.`jadwal_kuliah` WHERE 1=1 ORDER BY `si22tib`.`jadwal_kuliah`.`hari` ASC LIMIT ? OFFSET ?","target":"quaint::connector::metrics","timestamp":"2024-10-21T17:23:02.097Z"},"timestamp":"2024-10-21T17:23:02.097Z"}
{"level":"info","message":{"duration":1,"params":"[\"1d73b1b9-523b-4d8e-b01b-39eef6912cad\",1,0]","query":"SELECT `si22tib`.`mata_kuliah`.`id`, `si22tib`.`mata_kuliah`.`nama`, `si22tib`.`mata_kuliah`.`sks`, `si22tib`.`mata_kuliah`.`dosen`, `si22tib`.`mata_kuliah`.`create_at`, `si22tib`.`mata_kuliah`.`update_at` FROM `si22tib`.`mata_kuliah` WHERE (`si22tib`.`mata_kuliah`.`id` = ? AND 1=1) LIMIT ? OFFSET ?","target":"quaint::connector::metrics","timestamp":"2024-10-21T17:23:02.101Z"},"timestamp":"2024-10-21T17:23:02.101Z"}
{"level":"info","message":{"duration":0,"params":"[\"1d73b1b9-523b-4d8e-b01b-39eef6912cad\",1,0]","query":"SELECT `si22tib`.`mata_kuliah`.`id`, `si22tib`.`mata_kuliah`.`nama`, `si22tib`.`mata_kuliah`.`sks`, `si22tib`.`mata_kuliah`.`dosen`, `si22tib`.`mata_kuliah`.`create_at`, `si22tib`.`mata_kuliah`.`update_at` FROM `si22tib`.`mata_kuliah` WHERE (`si22tib`.`mata_kuliah`.`id` = ? AND 1=1) LIMIT ? OFFSET ?","target":"quaint::connector::metrics","timestamp":"2024-10-21T17:23:02.101Z"},"timestamp":"2024-10-21T17:23:02.102Z"}
{"level":"info","message":"server running","timestamp":"2024-10-21T17:23:15.373Z"}
{"level":"info","message":"Starting a mysql pool with 13 connections.","target":"quaint::pooled","timestamp":"2024-10-21T17:23:20.523Z"}
{"level":"info","message":{"duration":0,"params":"[10,0]","query":"SELECT `si22tib`.`jadwal_kuliah`.`id`, `si22tib`.`jadwal_kuliah`.`mata_kuliah_id`, `si22tib`.`jadwal_kuliah`.`ruang`, `si22tib`.`jadwal_kuliah`.`hari`, `si22tib`.`jadwal_kuliah`.`jam_masuk`, `si22tib`.`jadwal_kuliah`.`jam_keluar`, `si22tib`.`jadwal_kuliah`.`create_at`, `si22tib`.`jadwal_kuliah`.`update_at` FROM `si22tib`.`jadwal_kuliah` WHERE 1=1 ORDER BY `si22tib`.`jadwal_kuliah`.`hari` ASC LIMIT ? OFFSET ?","target":"quaint::connector::metrics","timestamp":"2024-10-21T17:23:20.528Z"},"timestamp":"2024-10-21T17:23:20.528Z"}
{"level":"info","message":{"duration":0,"params":"[\"1d73b1b9-523b-4d8e-b01b-39eef6912cad\",1,0]","query":"SELECT `si22tib`.`mata_kuliah`.`id`, `si22tib`.`mata_kuliah`.`nama`, `si22tib`.`mata_kuliah`.`sks`, `si22tib`.`mata_kuliah`.`dosen`, `si22tib`.`mata_kuliah`.`create_at`, `si22tib`.`mata_kuliah`.`update_at` FROM `si22tib`.`mata_kuliah` WHERE (`si22tib`.`mata_kuliah`.`id` = ? AND 1=1) LIMIT ? OFFSET ?","target":"quaint::connector::metrics","timestamp":"2024-10-21T17:23:20.531Z"},"timestamp":"2024-10-21T17:23:20.531Z"}
{"level":"info","message":"server running","timestamp":"2024-10-21T17:24:05.539Z"}
{"level":"info","message":"server running","timestamp":"2024-10-21T22:44:46.554Z"}
{"level":"info","message":"Scan QR code di atas untuk login ke WhatsApp","timestamp":"2024-10-21T22:44:53.965Z"}
{"level":"info","message":"Scan QR code di atas untuk login ke WhatsApp","timestamp":"2024-10-21T22:45:26.278Z"}
{"level":"info","message":"Scan QR code di atas untuk login ke WhatsApp","timestamp":"2024-10-21T22:45:30.156Z"}
{"level":"info","message":"Scan QR code di atas untuk login ke WhatsApp","timestamp":"2024-10-21T22:45:30.181Z"}
{"level":"info","message":"Scan QR code di atas untuk login ke WhatsApp","timestamp":"2024-10-21T22:46:30.059Z"}
{"level":"info","message":"Scan QR code di atas untuk login ke WhatsApp","timestamp":"2024-10-21T22:46:30.064Z"}
{"level":"info","message":"server running","timestamp":"2024-10-21T23:15:55.253Z"}
{"level":"info","message":"Scan QR code di atas untuk login ke WhatsApp","timestamp":"2024-10-21T23:16:02.042Z"}
{"level":"info","message":"Starting a mysql pool with 13 connections.","target":"quaint::pooled","timestamp":"2024-10-21T23:16:06.913Z"}
{"level":"info","message":{"duration":1,"params":"[]","query":"SELECT `si22tib`.`group_wa`.`id`, `si22tib`.`group_wa`.`mata_kuliah_id`, `si22tib`.`group_wa`.`pid` FROM `si22tib`.`group_wa` WHERE 1=1","target":"quaint::connector::metrics","timestamp":"2024-10-21T23:16:06.923Z"},"timestamp":"2024-10-21T23:16:06.924Z"}
{"level":"error","message":"Promise.all is not a constructor","timestamp":"2024-10-21T23:16:06.928Z"}
{"level":"info","message":"server running","timestamp":"2024-10-21T23:16:18.592Z"}
{"level":"info","message":"Starting a mysql pool with 13 connections.","target":"quaint::pooled","timestamp":"2024-10-21T23:16:19.728Z"}
{"level":"info","message":{"duration":0,"params":"[]","query":"SELECT `si22tib`.`group_wa`.`id`, `si22tib`.`group_wa`.`mata_kuliah_id`, `si22tib`.`group_wa`.`pid` FROM `si22tib`.`group_wa` WHERE 1=1","target":"quaint::connector::metrics","timestamp":"2024-10-21T23:16:19.734Z"},"timestamp":"2024-10-21T23:16:19.734Z"}
{"level":"info","message":{"duration":0,"params":"[]","query":"SELECT `si22tib`.`group_wa`.`id`, `si22tib`.`group_wa`.`mata_kuliah_id`, `si22tib`.`group_wa`.`pid` FROM `si22tib`.`group_wa` WHERE 1=1","target":"quaint::connector::metrics","timestamp":"2024-10-21T23:16:21.188Z"},"timestamp":"2024-10-21T23:16:21.188Z"}
{"level":"info","message":{"duration":0,"params":"[]","query":"SELECT `si22tib`.`group_wa`.`id`, `si22tib`.`group_wa`.`mata_kuliah_id`, `si22tib`.`group_wa`.`pid` FROM `si22tib`.`group_wa` WHERE 1=1","target":"quaint::connector::metrics","timestamp":"2024-10-21T23:16:21.564Z"},"timestamp":"2024-10-21T23:16:21.564Z"}
{"level":"info","message":{"duration":0,"params":"[]","query":"SELECT `si22tib`.`group_wa`.`id`, `si22tib`.`group_wa`.`mata_kuliah_id`, `si22tib`.`group_wa`.`pid` FROM `si22tib`.`group_wa` WHERE 1=1","target":"quaint::connector::metrics","timestamp":"2024-10-21T23:16:21.742Z"},"timestamp":"2024-10-21T23:16:21.742Z"}
{"level":"info","message":"Scan QR code di atas untuk login ke WhatsApp","timestamp":"2024-10-21T23:16:24.478Z"}
{"level":"info","message":"Scan QR code di atas untuk login ke WhatsApp","timestamp":"2024-10-21T23:17:24.380Z"}
{"level":"info","message":"Scan QR code di atas untuk login ke WhatsApp","timestamp":"2024-10-21T23:17:44.377Z"}
{"level":"info","message":"Scan QR code di atas untuk login ke WhatsApp","timestamp":"2024-10-21T23:18:04.392Z"}
{"level":"info","message":"Scan QR code di atas untuk login ke WhatsApp","timestamp":"2024-10-21T23:18:24.401Z"}
{"level":"info","message":"Scan QR code di atas untuk login ke WhatsApp","timestamp":"2024-10-21T23:18:44.407Z"}
{"level":"info","message":"Scan QR code di atas untuk login ke WhatsApp","timestamp":"2024-10-21T23:19:55.628Z"}
{"level":"info","message":"server running","timestamp":"2024-10-21T23:20:17.752Z"}
{"level":"info","message":"Scan QR code di atas untuk login ke WhatsApp","timestamp":"2024-10-21T23:20:23.248Z"}
{"level":"info","message":"server running","timestamp":"2024-10-21T23:20:55.563Z"}
{"level":"info","message":"Scan QR code di atas untuk login ke WhatsApp","timestamp":"2024-10-21T23:21:01.952Z"}
{"level":"info","message":"server running","timestamp":"2024-10-21T23:21:55.984Z"}
{"level":"info","message":"Scan QR code di atas untuk login ke WhatsApp","timestamp":"2024-10-21T23:22:02.434Z"}
{"level":"info","message":"server running","timestamp":"2024-10-21T23:22:07.262Z"}
{"level":"info","message":"Scan QR code di atas untuk login ke WhatsApp","timestamp":"2024-10-21T23:22:13.604Z"}
{"level":"info","message":"server running","timestamp":"2024-10-21T23:22:58.250Z"}
{"level":"info","message":"Scan QR code di atas untuk login ke WhatsApp","timestamp":"2024-10-21T23:23:04.269Z"}
